Using pre-set license
Built from '6000.0/staging' branch; Version is '6000.0.28f1 (f336aca0cab5) revision 15939244'; Using compiler version '193933523'; Build Type 'Release'
OS: 'Windows 10  (10.0.19045) 64bit Core' Language: 'en' Physical Memory: 16224 MB
BatchMode: 1, IsHumanControllingUs: 0, StartBugReporterOnCrash: 0, Is64bit: 1, IsPro: 1

COMMAND LINE ARGUMENTS:
C:\Program Files\Unity\Hub\Editor\6000.0.28f1\Editor\Unity.exe
-adb2
-batchMode
-noUpm
-name
AssetImportWorker5
-projectPath
C:/Users/bahaf/Documents/Final Year Project/footsies_final_year_project
-logFile
Logs/AssetImportWorker5.log
-srvPort
62505
-job-worker-count
11
-background-job-worker-count
8
-asset-garbage-collectors
1
Successfully changed project path to: C:/Users/bahaf/Documents/Final Year Project/footsies_final_year_project
C:/Users/bahaf/Documents/Final Year Project/footsies_final_year_project
[UnityMemory] Configuration Parameters - Can be set up in boot.config
    "memorysetup-bucket-allocator-granularity=16"
    "memorysetup-bucket-allocator-bucket-count=8"
    "memorysetup-bucket-allocator-block-size=33554432"
    "memorysetup-bucket-allocator-block-count=8"
    "memorysetup-main-allocator-block-size=16777216"
    "memorysetup-thread-allocator-block-size=16777216"
    "memorysetup-gfx-main-allocator-block-size=16777216"
    "memorysetup-gfx-thread-allocator-block-size=16777216"
    "memorysetup-cache-allocator-block-size=4194304"
    "memorysetup-typetree-allocator-block-size=2097152"
    "memorysetup-profiler-bucket-allocator-granularity=16"
    "memorysetup-profiler-bucket-allocator-bucket-count=8"
    "memorysetup-profiler-bucket-allocator-block-size=33554432"
    "memorysetup-profiler-bucket-allocator-block-count=8"
    "memorysetup-profiler-allocator-block-size=16777216"
    "memorysetup-profiler-editor-allocator-block-size=1048576"
    "memorysetup-temp-allocator-size-main=16777216"
    "memorysetup-job-temp-allocator-block-size=2097152"
    "memorysetup-job-temp-allocator-block-size-background=1048576"
    "memorysetup-job-temp-allocator-reduction-small-platforms=262144"
    "memorysetup-allocator-temp-initial-block-size-main=262144"
    "memorysetup-allocator-temp-initial-block-size-worker=262144"
    "memorysetup-temp-allocator-size-background-worker=32768"
    "memorysetup-temp-allocator-size-job-worker=262144"
    "memorysetup-temp-allocator-size-preload-manager=33554432"
    "memorysetup-temp-allocator-size-nav-mesh-worker=65536"
    "memorysetup-temp-allocator-size-audio-worker=65536"
    "memorysetup-temp-allocator-size-cloud-worker=32768"
    "memorysetup-temp-allocator-size-gi-baking-worker=262144"
    "memorysetup-temp-allocator-size-gi-baking-worker=262144"
    "memorysetup-temp-allocator-size-gi-baking-worker=262144"
    "memorysetup-temp-allocator-size-gi-baking-worker=262144"
    "memorysetup-temp-allocator-size-gi-baking-worker=262144"
    "memorysetup-temp-allocator-size-gfx=262144"
Player connection [23060]  Target information:

Player connection [23060]  * "[IP] 192.168.178.89 [Port] 0 [Flags] 2 [Guid] 3904975234 [EditorId] 3904975234 [Version] 1048832 [Id] WindowsEditor(7,AJ-DESKTOP) [Debug] 1 [PackageName] WindowsEditor [ProjectName] Editor" 

Player connection [23060]  * "[IP] 169.254.83.107 [Port] 0 [Flags] 2 [Guid] 3904975234 [EditorId] 3904975234 [Version] 1048832 [Id] WindowsEditor(7,AJ-DESKTOP) [Debug] 1 [PackageName] WindowsEditor [ProjectName] Editor" 

Player connection [23060] Host joined multi-casting on [225.0.0.222:54997]...
Player connection [23060] Host joined alternative multi-casting on [225.0.0.222:34997]...
JobSystem: Creating JobQueue using job-worker-count value 11
[Physics::Module] Initialized fallback backend.
[Physics::Module] Id: 0xdecafbad
Library Redirect Path: Library/
[Physics::Module] Selected backend.
[Physics::Module] Name: PhysX
[Physics::Module] Id: 0xf2b8ea05
[Physics::Module] SDK Version: 4.1.2
[Physics::Module] Integration Version: 1.0.0
[Physics::Module] Threading Mode: Multi-Threaded
Refreshing native plugins compatible for Editor in 6.75 ms, found 4 plugins.
Preloading 0 native plugins for Editor in 0.00 ms.
Initialize engine version: 6000.0.28f1 (f336aca0cab5)
[Subsystems] Discovering subsystems at path C:/Program Files/Unity/Hub/Editor/6000.0.28f1/Editor/Data/Resources/UnitySubsystems
[Subsystems] Discovering subsystems at path C:/Users/bahaf/Documents/Final Year Project/footsies_final_year_project/Assets
GfxDevice: creating device client; kGfxThreadingModeNonThreaded
Direct3D:
    Version:  Direct3D 11.0 [level 11.1]
    Renderer: NVIDIA GeForce GTX 1660 SUPER (ID=0x21c4)
    Vendor:   NVIDIA
    VRAM:     5966 MB
    Driver:   32.0.15.6614
Initialize mono
Mono path[0] = 'C:/Program Files/Unity/Hub/Editor/6000.0.28f1/Editor/Data/Managed'
Mono path[1] = 'C:/Program Files/Unity/Hub/Editor/6000.0.28f1/Editor/Data/MonoBleedingEdge/lib/mono/unityjit-win32'
Mono config path = 'C:/Program Files/Unity/Hub/Editor/6000.0.28f1/Editor/Data/MonoBleedingEdge/etc'
Using monoOptions --debugger-agent=transport=dt_socket,embedding=1,server=y,suspend=n,address=127.0.0.1:56836
Begin MonoManager ReloadAssembly
Registering precompiled unity dll's ...
Register platform support module: C:/Program Files/Unity/Hub/Editor/6000.0.28f1/Editor/Data/PlaybackEngines/WebGLSupport/UnityEditor.WebGL.Extensions.dll
Register platform support module: C:/Program Files/Unity/Hub/Editor/6000.0.28f1/Editor/Data/PlaybackEngines/WindowsStandaloneSupport/UnityEditor.WindowsStandalone.Extensions.dll
Registered in 0.004417 seconds.
- Loaded All Assemblies, in  0.385 seconds
Native extension for WindowsStandalone target not found
Native extension for WebGL target not found
Mono: successfully reloaded assembly
- Finished resetting the current domain, in  0.302 seconds
Domain Reload Profiling: 684ms
	BeginReloadAssembly (123ms)
		ExecutionOrderSort (0ms)
		DisableScriptedObjects (0ms)
		BackupInstance (0ms)
		ReleaseScriptingObjects (0ms)
		CreateAndSetChildDomain (1ms)
	RebuildCommonClasses (35ms)
	RebuildNativeTypeToScriptingClass (13ms)
	initialDomainReloadingComplete (53ms)
	LoadAllAssembliesAndSetupDomain (157ms)
		LoadAssemblies (122ms)
		RebuildTransferFunctionScriptingTraits (0ms)
		AnalyzeDomain (154ms)
			TypeCache.Refresh (152ms)
				TypeCache.ScanAssembly (139ms)
			BuildScriptInfoCaches (0ms)
			ResolveRequiredComponents (1ms)
	FinalizeReload (302ms)
		ReleaseScriptCaches (0ms)
		RebuildScriptCaches (0ms)
		SetupLoadedEditorAssemblies (254ms)
			LogAssemblyErrors (0ms)
			InitializePlatformSupportModulesInManaged (31ms)
			SetLoadedEditorAssemblies (6ms)
			BeforeProcessingInitializeOnLoad (6ms)
			ProcessInitializeOnLoadAttributes (146ms)
			ProcessInitializeOnLoadMethodAttributes (61ms)
			AfterProcessingInitializeOnLoad (3ms)
			EditorAssembliesLoaded (0ms)
		ExecutionOrderSort2 (0ms)
		AwakeInstancesAfterBackupRestoration (0ms)
========================================================================
Worker process is ready to serve import requests
Import Worker Mode flag is 0x00
Begin MonoManager ReloadAssembly
Symbol file LoadedFromMemory is not a mono symbol file
- Loaded All Assemblies, in  1.010 seconds
Refreshing native plugins compatible for Editor in 5.58 ms, found 4 plugins.
Native extension for WindowsStandalone target not found
Native extension for WebGL target not found
Refreshing native plugins compatible for Editor in 6.29 ms, found 4 plugins.
Mono: successfully reloaded assembly
- Finished resetting the current domain, in  0.865 seconds
Domain Reload Profiling: 1869ms
	BeginReloadAssembly (422ms)
		ExecutionOrderSort (0ms)
		DisableScriptedObjects (7ms)
		BackupInstance (0ms)
		ReleaseScriptingObjects (0ms)
		CreateAndSetChildDomain (35ms)
	RebuildCommonClasses (37ms)
	RebuildNativeTypeToScriptingClass (13ms)
	initialDomainReloadingComplete (31ms)
	LoadAllAssembliesAndSetupDomain (500ms)
		LoadAssemblies (457ms)
		RebuildTransferFunctionScriptingTraits (0ms)
		AnalyzeDomain (161ms)
			TypeCache.Refresh (107ms)
				TypeCache.ScanAssembly (88ms)
			BuildScriptInfoCaches (48ms)
			ResolveRequiredComponents (4ms)
	FinalizeReload (866ms)
		ReleaseScriptCaches (0ms)
		RebuildScriptCaches (0ms)
		SetupLoadedEditorAssemblies (671ms)
			LogAssemblyErrors (0ms)
			InitializePlatformSupportModulesInManaged (3ms)
			SetLoadedEditorAssemblies (6ms)
			BeforeProcessingInitializeOnLoad (74ms)
			ProcessInitializeOnLoadAttributes (410ms)
			ProcessInitializeOnLoadMethodAttributes (167ms)
			AfterProcessingInitializeOnLoad (11ms)
			EditorAssembliesLoaded (0ms)
		ExecutionOrderSort2 (0ms)
		AwakeInstancesAfterBackupRestoration (6ms)
Launched and connected shader compiler UnityShaderCompiler.exe after 0.01 seconds
Refreshing native plugins compatible for Editor in 6.10 ms, found 4 plugins.
Preloading 0 native plugins for Editor in 0.00 ms.
Unloading 49 Unused Serialized files (Serialized files now loaded: 0)
Unloading 2997 unused Assets / (1.9 MB). Loaded Objects now: 3567.
Memory consumption went from 119.2 MB to 117.2 MB.
Total: 8.656400 ms (FindLiveObjects: 0.240200 ms CreateObjectMapping: 0.097600 ms MarkObjects: 7.560000 ms  DeleteObjects: 0.757100 ms)

========================================================================
Received Import Request.
  Time since last request: 25594.472336 seconds.
  path: Assets/XInputDotNet/Plugins/XInputDotNetPure.dll
  artifactKey: Guid(b36a7f6d28503d045b758e8fb3c40d0f) Importer(2089858483,192608db42251d675da83286b1cce702)
Start importing Assets/XInputDotNet/Plugins/XInputDotNetPure.dll using Guid(b36a7f6d28503d045b758e8fb3c40d0f) Importer(2089858483,192608db42251d675da83286b1cce702) (ScriptedImporter) -> (artifact id: 'fe1c0eb3b54e46d668028e7d480361a8') in 0.069028 seconds
Number of updated asset objects reloaded before import = 0Number of asset objects unloaded after import = 0

========================================================================
Received Import Request.
  Time since last request: 0.000013 seconds.
  path: Assets/Art/Fighters/F00/F00_Attack_1.png
  artifactKey: Guid(587dbca6669ece74ea1d142acc9a945c) Importer(2089858483,192608db42251d675da83286b1cce702)
Start importing Assets/Art/Fighters/F00/F00_Attack_1.png using Guid(587dbca6669ece74ea1d142acc9a945c) Importer(2089858483,192608db42251d675da83286b1cce702) (ScriptedImporter) -> (artifact id: 'ac83567e9272d0d338076133c4c71a84') in 0.1058056 seconds
Number of updated asset objects reloaded before import = 0Number of asset objects unloaded after import = 10

========================================================================
Received Import Request.
  Time since last request: 0.003358 seconds.
  path: Assets/Art/Battle_BG.png
  artifactKey: Guid(8da41e0c176e4ec40ba92249f9573a65) Importer(2089858483,192608db42251d675da83286b1cce702)
Start importing Assets/Art/Battle_BG.png using Guid(8da41e0c176e4ec40ba92249f9573a65) Importer(2089858483,192608db42251d675da83286b1cce702) (ScriptedImporter) -> (artifact id: 'afb49325e158f37edb3daef2f01d7390') in 0.0168021 seconds
Number of updated asset objects reloaded before import = 0Number of asset objects unloaded after import = 3

========================================================================
Received Import Request.
  Time since last request: 0.000014 seconds.
  path: Assets/Art/Fighters/F00/Idle_1.png
  artifactKey: Guid(ecda5babdb0afd844b6ce7b9dbf4fd05) Importer(2089858483,192608db42251d675da83286b1cce702)
Start importing Assets/Art/Fighters/F00/Idle_1.png using Guid(ecda5babdb0afd844b6ce7b9dbf4fd05) Importer(2089858483,192608db42251d675da83286b1cce702) (ScriptedImporter) -> (artifact id: 'a2c6cca60d5720e92faccfbb211f8b75') in 0.0178805 seconds
Number of updated asset objects reloaded before import = 0Number of asset objects unloaded after import = 3

========================================================================
Received Import Request.
  Time since last request: 0.000016 seconds.
  path: Assets/Animation/HitEffect.anim
  artifactKey: Guid(cb3ffb87a22a4de4f86d7c800daa3ee6) Importer(2089858483,192608db42251d675da83286b1cce702)
Start importing Assets/Animation/HitEffect.anim using Guid(cb3ffb87a22a4de4f86d7c800daa3ee6) Importer(2089858483,192608db42251d675da83286b1cce702) (ScriptedImporter) -> (artifact id: '6f686b905ce7c067592dc4f060a8eb49') in 0.0244406 seconds
Number of updated asset objects reloaded before import = 0Number of asset objects unloaded after import = 1

========================================================================
Received Import Request.
  Time since last request: 0.000699 seconds.
  path: Assets/Animation/Round_UI.controller
  artifactKey: Guid(4da94427a089a584e985dcb5a35e2a1f) Importer(2089858483,192608db42251d675da83286b1cce702)
Start importing Assets/Animation/Round_UI.controller using Guid(4da94427a089a584e985dcb5a35e2a1f) Importer(2089858483,192608db42251d675da83286b1cce702) (ScriptedImporter) -> (artifact id: '895bdceaf6d28eb43966f25318b3e49f') in 0.0094089 seconds
Number of updated asset objects reloaded before import = 0Number of asset objects unloaded after import = 12

========================================================================
Received Import Request.
  Time since last request: 0.000013 seconds.
  path: Assets/Art/MenuButton.png
  artifactKey: Guid(6cbb44f8613d28f4db106c8de4d473f0) Importer(2089858483,192608db42251d675da83286b1cce702)
Start importing Assets/Art/MenuButton.png using Guid(6cbb44f8613d28f4db106c8de4d473f0) Importer(2089858483,192608db42251d675da83286b1cce702) (ScriptedImporter) -> (artifact id: '656f4abbbfd877231b60c32db5d9decf') in 0.0228428 seconds
Number of updated asset objects reloaded before import = 0Number of asset objects unloaded after import = 5

========================================================================
Received Import Request.
  Time since last request: 0.000272 seconds.
  path: Assets/Script/GameManager.cs
  artifactKey: Guid(7c836d3e89053e343972f5fc3f5075c1) Importer(2089858483,192608db42251d675da83286b1cce702)
Start importing Assets/Script/GameManager.cs using Guid(7c836d3e89053e343972f5fc3f5075c1) Importer(2089858483,192608db42251d675da83286b1cce702) (ScriptedImporter) -> (artifact id: '81d738fc39e54e3303e31d7585d4eff6') in 0.0052096 seconds
Number of updated asset objects reloaded before import = 0Number of asset objects unloaded after import = 0

========================================================================
Received Import Request.
  Time since last request: 0.001094 seconds.
  path: Assets/Art/Logo.png
  artifactKey: Guid(20e950f993aa6064f829ea3d01905e34) Importer(2089858483,192608db42251d675da83286b1cce702)
Start importing Assets/Art/Logo.png using Guid(20e950f993aa6064f829ea3d01905e34) Importer(2089858483,192608db42251d675da83286b1cce702) (ScriptedImporter) -> (artifact id: 'd9609c83d44c46c9c8ab3f3e1879fef6') in 0.0204323 seconds
Number of updated asset objects reloaded before import = 0Number of asset objects unloaded after import = 3

========================================================================
Received Import Request.
  Time since last request: 0.000014 seconds.
  path: Assets/Script/Draw.cs
  artifactKey: Guid(bcafcde207d6b294a9237262f172a95a) Importer(2089858483,192608db42251d675da83286b1cce702)
Start importing Assets/Script/Draw.cs using Guid(bcafcde207d6b294a9237262f172a95a) Importer(2089858483,192608db42251d675da83286b1cce702) (ScriptedImporter) -> (artifact id: '7b93d8cea9e9d32c261be4ec3fa04b0f') in 0.0044394 seconds
Number of updated asset objects reloaded before import = 0Number of asset objects unloaded after import = 0

========================================================================
Received Import Request.
  Time since last request: 0.000097 seconds.
  path: Assets/Art/Fighters/F00/F00_ForwardDash.png
  artifactKey: Guid(dbd3c6e7c7961bf4e858000c338d457b) Importer(2089858483,192608db42251d675da83286b1cce702)
Start importing Assets/Art/Fighters/F00/F00_ForwardDash.png using Guid(dbd3c6e7c7961bf4e858000c338d457b) Importer(2089858483,192608db42251d675da83286b1cce702) (ScriptedImporter) -> (artifact id: '2187c51b74adeca517f0f9a23bc6b6e6') in 0.0335393 seconds
Number of updated asset objects reloaded before import = 0Number of asset objects unloaded after import = 7

========================================================================
Received Import Request.
  Time since last request: 0.000100 seconds.
  path: Assets/Script/ActionDataContainer.cs
  artifactKey: Guid(f01514ece9fe1344e9d3e4aa83625f0b) Importer(2089858483,192608db42251d675da83286b1cce702)
Start importing Assets/Script/ActionDataContainer.cs using Guid(f01514ece9fe1344e9d3e4aa83625f0b) Importer(2089858483,192608db42251d675da83286b1cce702) (ScriptedImporter) -> (artifact id: '71ddade224737b16d6b64d79fbf9d7ca') in 0.0045896 seconds
Number of updated asset objects reloaded before import = 0Number of asset objects unloaded after import = 0

========================================================================
Received Import Request.
  Time since last request: 0.000060 seconds.
  path: Assets/Art/Fighters/F00/F00_Attack_0.png
  artifactKey: Guid(04a513ca6abc2314e94110b5cbe22556) Importer(2089858483,192608db42251d675da83286b1cce702)
Start importing Assets/Art/Fighters/F00/F00_Attack_0.png using Guid(04a513ca6abc2314e94110b5cbe22556) Importer(2089858483,192608db42251d675da83286b1cce702) (ScriptedImporter) -> (artifact id: '7ee14d4b8662ce89b148e1055c370e96') in 0.0301764 seconds
Number of updated asset objects reloaded before import = 0Number of asset objects unloaded after import = 7

========================================================================
Received Import Request.
  Time since last request: 0.000014 seconds.
  path: Assets/Fighter/F00/F00.asset
  artifactKey: Guid(5566ac98dc546dc4a89972ce7db49d91) Importer(2089858483,192608db42251d675da83286b1cce702)
Start importing Assets/Fighter/F00/F00.asset using Guid(5566ac98dc546dc4a89972ce7db49d91) Importer(2089858483,192608db42251d675da83286b1cce702) (ScriptedImporter) -> (artifact id: '73d1d763515c32d1cf47b5560b456d87') in 0.0496984 seconds
Number of updated asset objects reloaded before import = 0Number of asset objects unloaded after import = 108

========================================================================
Received Import Request.
  Time since last request: 0.000014 seconds.
  path: Assets/Animation/HitEffectOff.anim
  artifactKey: Guid(b8f4349ff7b43114191e797980bbb2d7) Importer(2089858483,192608db42251d675da83286b1cce702)
Start importing Assets/Animation/HitEffectOff.anim using Guid(b8f4349ff7b43114191e797980bbb2d7) Importer(2089858483,192608db42251d675da83286b1cce702) (ScriptedImporter) -> (artifact id: '237a1cb8cd23bcd63d3c0909e0d068b8') in 0.006005 seconds
Number of updated asset objects reloaded before import = 0Number of asset objects unloaded after import = 1

========================================================================
Received Import Request.
  Time since last request: 0.000317 seconds.
  path: Assets/Sound/SE/Guard.wav
  artifactKey: Guid(48886bcf39c55324ba40754197f72f00) Importer(2089858483,192608db42251d675da83286b1cce702)
Start importing Assets/Sound/SE/Guard.wav using Guid(48886bcf39c55324ba40754197f72f00) Importer(2089858483,192608db42251d675da83286b1cce702) (ScriptedImporter) -> (artifact id: 'abd7196fbebcf6a387bb85ccd6d5380a') in 0.0375711 seconds
Number of updated asset objects reloaded before import = 0Number of asset objects unloaded after import = 1

========================================================================
Received Import Request.
  Time since last request: 0.000022 seconds.
  path: Assets/Fighter/F00/Actions/GUARD_BREAK.asset
  artifactKey: Guid(c8dc4a63f566d514ca06cf75078b28a9) Importer(2089858483,192608db42251d675da83286b1cce702)
Start importing Assets/Fighter/F00/Actions/GUARD_BREAK.asset using Guid(c8dc4a63f566d514ca06cf75078b28a9) Importer(2089858483,192608db42251d675da83286b1cce702) (ScriptedImporter) -> (artifact id: '2abba4a0b1c049bfa0e5e45cf8af4f8e') in 0.0103389 seconds
Number of updated asset objects reloaded before import = 0Number of asset objects unloaded after import = 2

========================================================================
Received Import Request.
  Time since last request: 0.000021 seconds.
  path: Assets/Fighter/F00/Actions/FORWARD.asset
  artifactKey: Guid(6acc81292ceea6f4d8e46cb9d5a952cc) Importer(2089858483,192608db42251d675da83286b1cce702)
Start importing Assets/Fighter/F00/Actions/FORWARD.asset using Guid(6acc81292ceea6f4d8e46cb9d5a952cc) Importer(2089858483,192608db42251d675da83286b1cce702) (ScriptedImporter) -> (artifact id: '7bb91d11507ad7699e838bb18872e524') in 0.0111297 seconds
Number of updated asset objects reloaded before import = 0Number of asset objects unloaded after import = 1

========================================================================
Received Import Request.
  Time since last request: 0.000024 seconds.
  path: Assets/Sound/BGM/Footsies.sfk
  artifactKey: Guid(b685437c14ec1d3458599c1a407a2d37) Importer(2089858483,192608db42251d675da83286b1cce702)
Start importing Assets/Sound/BGM/Footsies.sfk using Guid(b685437c14ec1d3458599c1a407a2d37) Importer(2089858483,192608db42251d675da83286b1cce702) (ScriptedImporter) -> (artifact id: '01a552f7374dd32b4ce5a0bea79669ad') in 0.0039877 seconds
Number of updated asset objects reloaded before import = 0Number of asset objects unloaded after import = 1

========================================================================
Received Import Request.
  Time since last request: 0.000041 seconds.
  path: Assets/Script/BattleGUI.cs
  artifactKey: Guid(18d9b094b58b0c94c8b6459e0f9eb5d7) Importer(2089858483,192608db42251d675da83286b1cce702)
Start importing Assets/Script/BattleGUI.cs using Guid(18d9b094b58b0c94c8b6459e0f9eb5d7) Importer(2089858483,192608db42251d675da83286b1cce702) (ScriptedImporter) -> (artifact id: '69e3dcbf79d3bc80c8094ded29f7f1d5') in 0.0069048 seconds
Number of updated asset objects reloaded before import = 0Number of asset objects unloaded after import = 0

========================================================================
Received Import Request.
  Time since last request: 0.000995 seconds.
  path: Assets/Animation/RoundStartAnimation.anim
  artifactKey: Guid(c7f890a8e090492468846de2de9640c2) Importer(2089858483,192608db42251d675da83286b1cce702)
Start importing Assets/Animation/RoundStartAnimation.anim using Guid(c7f890a8e090492468846de2de9640c2) Importer(2089858483,192608db42251d675da83286b1cce702) (ScriptedImporter) -> (artifact id: '9caffe99c00ba03b7e5677e8627e5875') in 0.0068901 seconds
Number of updated asset objects reloaded before import = 0Number of asset objects unloaded after import = 1

========================================================================
Received Import Request.
  Time since last request: 0.000145 seconds.
  path: Assets/Fighter/F00/Actions/WIN.asset
  artifactKey: Guid(e2cdeec7caa57484db321a6e1f09ed36) Importer(2089858483,192608db42251d675da83286b1cce702)
Start importing Assets/Fighter/F00/Actions/WIN.asset using Guid(e2cdeec7caa57484db321a6e1f09ed36) Importer(2089858483,192608db42251d675da83286b1cce702) (ScriptedImporter) -> (artifact id: '98936a46e4a0f792040cf2557ff02736') in 0.0057715 seconds
Number of updated asset objects reloaded before import = 0Number of asset objects unloaded after import = 1

========================================================================
Received Import Request.
  Time since last request: 0.000014 seconds.
  path: Assets/Script/RoundPanelController.cs
  artifactKey: Guid(85bc97bc9be2ee047b367f8008e5b393) Importer(2089858483,192608db42251d675da83286b1cce702)
Start importing Assets/Script/RoundPanelController.cs using Guid(85bc97bc9be2ee047b367f8008e5b393) Importer(2089858483,192608db42251d675da83286b1cce702) (ScriptedImporter) -> (artifact id: '6857c4e678367a57ecdc96cba93fd37b') in 0.0047445 seconds
Number of updated asset objects reloaded before import = 0Number of asset objects unloaded after import = 0

Editor requested this worker to shutdown with reason: Scaling down because of idle timeout
AssetImportWorker is now disconnected from the server
Process exiting
Exiting without the bug reporter. Application will terminate with return code 0