Using pre-set license
Built from '6000.0/staging' branch; Version is '6000.0.28f1 (f336aca0cab5) revision 15939244'; Using compiler version '193933523'; Build Type 'Release'
OS: 'Windows 10  (10.0.19045) 64bit Core' Language: 'en' Physical Memory: 16224 MB
BatchMode: 1, IsHumanControllingUs: 0, StartBugReporterOnCrash: 0, Is64bit: 1, IsPro: 1

COMMAND LINE ARGUMENTS:
C:\Program Files\Unity\Hub\Editor\6000.0.28f1\Editor\Unity.exe
-adb2
-batchMode
-noUpm
-name
AssetImportWorker4
-projectPath
C:/Users/bahaf/Documents/Final Year Project/footsies_final_year_project
-logFile
Logs/AssetImportWorker4.log
-srvPort
62505
-job-worker-count
11
-background-job-worker-count
8
-asset-garbage-collectors
1
Successfully changed project path to: C:/Users/bahaf/Documents/Final Year Project/footsies_final_year_project
C:/Users/bahaf/Documents/Final Year Project/footsies_final_year_project
[UnityMemory] Configuration Parameters - Can be set up in boot.config
    "memorysetup-bucket-allocator-granularity=16"
    "memorysetup-bucket-allocator-bucket-count=8"
    "memorysetup-bucket-allocator-block-size=33554432"
    "memorysetup-bucket-allocator-block-count=8"
    "memorysetup-main-allocator-block-size=16777216"
    "memorysetup-thread-allocator-block-size=16777216"
    "memorysetup-gfx-main-allocator-block-size=16777216"
    "memorysetup-gfx-thread-allocator-block-size=16777216"
    "memorysetup-cache-allocator-block-size=4194304"
    "memorysetup-typetree-allocator-block-size=2097152"
    "memorysetup-profiler-bucket-allocator-granularity=16"
    "memorysetup-profiler-bucket-allocator-bucket-count=8"
    "memorysetup-profiler-bucket-allocator-block-size=33554432"
    "memorysetup-profiler-bucket-allocator-block-count=8"
    "memorysetup-profiler-allocator-block-size=16777216"
    "memorysetup-profiler-editor-allocator-block-size=1048576"
    "memorysetup-temp-allocator-size-main=16777216"
    "memorysetup-job-temp-allocator-block-size=2097152"
    "memorysetup-job-temp-allocator-block-size-background=1048576"
    "memorysetup-job-temp-allocator-reduction-small-platforms=262144"
    "memorysetup-allocator-temp-initial-block-size-main=262144"
    "memorysetup-allocator-temp-initial-block-size-worker=262144"
    "memorysetup-temp-allocator-size-background-worker=32768"
    "memorysetup-temp-allocator-size-job-worker=262144"
    "memorysetup-temp-allocator-size-preload-manager=33554432"
    "memorysetup-temp-allocator-size-nav-mesh-worker=65536"
    "memorysetup-temp-allocator-size-audio-worker=65536"
    "memorysetup-temp-allocator-size-cloud-worker=32768"
    "memorysetup-temp-allocator-size-gi-baking-worker=262144"
    "memorysetup-temp-allocator-size-gi-baking-worker=262144"
    "memorysetup-temp-allocator-size-gi-baking-worker=262144"
    "memorysetup-temp-allocator-size-gi-baking-worker=262144"
    "memorysetup-temp-allocator-size-gi-baking-worker=262144"
    "memorysetup-temp-allocator-size-gfx=262144"
Player connection [4712]  Target information:

Player connection [4712]  * "[IP] 192.168.178.89 [Port] 0 [Flags] 2 [Guid] 4042874270 [EditorId] 4042874270 [Version] 1048832 [Id] WindowsEditor(7,AJ-DESKTOP) [Debug] 1 [PackageName] WindowsEditor [ProjectName] Editor" 

Player connection [4712]  * "[IP] 169.254.83.107 [Port] 0 [Flags] 2 [Guid] 4042874270 [EditorId] 4042874270 [Version] 1048832 [Id] WindowsEditor(7,AJ-DESKTOP) [Debug] 1 [PackageName] WindowsEditor [ProjectName] Editor" 

Player connection [4712] Host joined multi-casting on [225.0.0.222:54997]...
Player connection [4712] Host joined alternative multi-casting on [225.0.0.222:34997]...
JobSystem: Creating JobQueue using job-worker-count value 11
[Physics::Module] Initialized fallback backend.
[Physics::Module] Id: 0xdecafbad
Library Redirect Path: Library/
[Physics::Module] Selected backend.
[Physics::Module] Name: PhysX
[Physics::Module] Id: 0xf2b8ea05
[Physics::Module] SDK Version: 4.1.2
[Physics::Module] Integration Version: 1.0.0
[Physics::Module] Threading Mode: Multi-Threaded
Refreshing native plugins compatible for Editor in 7.18 ms, found 4 plugins.
Preloading 0 native plugins for Editor in 0.00 ms.
Initialize engine version: 6000.0.28f1 (f336aca0cab5)
[Subsystems] Discovering subsystems at path C:/Program Files/Unity/Hub/Editor/6000.0.28f1/Editor/Data/Resources/UnitySubsystems
[Subsystems] Discovering subsystems at path C:/Users/bahaf/Documents/Final Year Project/footsies_final_year_project/Assets
GfxDevice: creating device client; kGfxThreadingModeNonThreaded
Direct3D:
    Version:  Direct3D 11.0 [level 11.1]
    Renderer: NVIDIA GeForce GTX 1660 SUPER (ID=0x21c4)
    Vendor:   NVIDIA
    VRAM:     5966 MB
    Driver:   32.0.15.6614
Initialize mono
Mono path[0] = 'C:/Program Files/Unity/Hub/Editor/6000.0.28f1/Editor/Data/Managed'
Mono path[1] = 'C:/Program Files/Unity/Hub/Editor/6000.0.28f1/Editor/Data/MonoBleedingEdge/lib/mono/unityjit-win32'
Mono config path = 'C:/Program Files/Unity/Hub/Editor/6000.0.28f1/Editor/Data/MonoBleedingEdge/etc'
Using monoOptions --debugger-agent=transport=dt_socket,embedding=1,server=y,suspend=n,address=127.0.0.1:56388
Begin MonoManager ReloadAssembly
Registering precompiled unity dll's ...
Register platform support module: C:/Program Files/Unity/Hub/Editor/6000.0.28f1/Editor/Data/PlaybackEngines/WebGLSupport/UnityEditor.WebGL.Extensions.dll
Register platform support module: C:/Program Files/Unity/Hub/Editor/6000.0.28f1/Editor/Data/PlaybackEngines/WindowsStandaloneSupport/UnityEditor.WindowsStandalone.Extensions.dll
Registered in 0.004193 seconds.
- Loaded All Assemblies, in  0.406 seconds
Native extension for WindowsStandalone target not found
Native extension for WebGL target not found
Mono: successfully reloaded assembly
- Finished resetting the current domain, in  0.302 seconds
Domain Reload Profiling: 705ms
	BeginReloadAssembly (143ms)
		ExecutionOrderSort (0ms)
		DisableScriptedObjects (0ms)
		BackupInstance (0ms)
		ReleaseScriptingObjects (0ms)
		CreateAndSetChildDomain (1ms)
	RebuildCommonClasses (35ms)
	RebuildNativeTypeToScriptingClass (13ms)
	initialDomainReloadingComplete (55ms)
	LoadAllAssembliesAndSetupDomain (156ms)
		LoadAssemblies (139ms)
		RebuildTransferFunctionScriptingTraits (0ms)
		AnalyzeDomain (153ms)
			TypeCache.Refresh (152ms)
				TypeCache.ScanAssembly (138ms)
			BuildScriptInfoCaches (0ms)
			ResolveRequiredComponents (0ms)
	FinalizeReload (302ms)
		ReleaseScriptCaches (0ms)
		RebuildScriptCaches (0ms)
		SetupLoadedEditorAssemblies (270ms)
			LogAssemblyErrors (0ms)
			InitializePlatformSupportModulesInManaged (31ms)
			SetLoadedEditorAssemblies (5ms)
			BeforeProcessingInitializeOnLoad (7ms)
			ProcessInitializeOnLoadAttributes (151ms)
			ProcessInitializeOnLoadMethodAttributes (61ms)
			AfterProcessingInitializeOnLoad (14ms)
			EditorAssembliesLoaded (0ms)
		ExecutionOrderSort2 (0ms)
		AwakeInstancesAfterBackupRestoration (0ms)
========================================================================
Worker process is ready to serve import requests
Import Worker Mode flag is 0x00
Begin MonoManager ReloadAssembly
Symbol file LoadedFromMemory is not a mono symbol file
- Loaded All Assemblies, in  1.005 seconds
Refreshing native plugins compatible for Editor in 5.61 ms, found 4 plugins.
Native extension for WindowsStandalone target not found
Native extension for WebGL target not found
Refreshing native plugins compatible for Editor in 2.86 ms, found 4 plugins.
Mono: successfully reloaded assembly
- Finished resetting the current domain, in  0.844 seconds
Domain Reload Profiling: 1844ms
	BeginReloadAssembly (421ms)
		ExecutionOrderSort (0ms)
		DisableScriptedObjects (6ms)
		BackupInstance (0ms)
		ReleaseScriptingObjects (0ms)
		CreateAndSetChildDomain (36ms)
	RebuildCommonClasses (37ms)
	RebuildNativeTypeToScriptingClass (13ms)
	initialDomainReloadingComplete (31ms)
	LoadAllAssembliesAndSetupDomain (498ms)
		LoadAssemblies (457ms)
		RebuildTransferFunctionScriptingTraits (0ms)
		AnalyzeDomain (157ms)
			TypeCache.Refresh (104ms)
				TypeCache.ScanAssembly (86ms)
			BuildScriptInfoCaches (47ms)
			ResolveRequiredComponents (4ms)
	FinalizeReload (845ms)
		ReleaseScriptCaches (0ms)
		RebuildScriptCaches (0ms)
		SetupLoadedEditorAssemblies (649ms)
			LogAssemblyErrors (0ms)
			InitializePlatformSupportModulesInManaged (3ms)
			SetLoadedEditorAssemblies (6ms)
			BeforeProcessingInitializeOnLoad (75ms)
			ProcessInitializeOnLoadAttributes (390ms)
			ProcessInitializeOnLoadMethodAttributes (164ms)
			AfterProcessingInitializeOnLoad (11ms)
			EditorAssembliesLoaded (0ms)
		ExecutionOrderSort2 (0ms)
		AwakeInstancesAfterBackupRestoration (6ms)
Launched and connected shader compiler UnityShaderCompiler.exe after 0.01 seconds
Refreshing native plugins compatible for Editor in 6.65 ms, found 4 plugins.
Preloading 0 native plugins for Editor in 0.00 ms.
Unloading 49 Unused Serialized files (Serialized files now loaded: 0)
Unloading 2997 unused Assets / (1.7 MB). Loaded Objects now: 3567.
Memory consumption went from 119.0 MB to 117.3 MB.
Total: 12.810100 ms (FindLiveObjects: 0.374100 ms CreateObjectMapping: 0.127500 ms MarkObjects: 11.374400 ms  DeleteObjects: 0.932800 ms)

========================================================================
Received Import Request.
  Time since last request: 25594.456919 seconds.
  path: Assets/Sound/SE/Attack.wav
  artifactKey: Guid(f0c0fcfce9f7a3e408d00527408a8256) Importer(2089858483,192608db42251d675da83286b1cce702)
Start importing Assets/Sound/SE/Attack.wav using Guid(f0c0fcfce9f7a3e408d00527408a8256) Importer(2089858483,192608db42251d675da83286b1cce702) (ScriptedImporter) -> (artifact id: '44e241a1843692d7ead994fc91726f84') in 0.1209691 seconds
Number of updated asset objects reloaded before import = 0Number of asset objects unloaded after import = 1

========================================================================
Received Import Request.
  Time since last request: 0.000771 seconds.
  path: Assets/Script/InputManager.cs
  artifactKey: Guid(0cfc5a1d66312d9428d7c41603c75ba0) Importer(2089858483,192608db42251d675da83286b1cce702)
Start importing Assets/Script/InputManager.cs using Guid(0cfc5a1d66312d9428d7c41603c75ba0) Importer(2089858483,192608db42251d675da83286b1cce702) (ScriptedImporter) -> (artifact id: 'f1805c519ebe66d6ef149257abfc7f82') in 0.0268444 seconds
Number of updated asset objects reloaded before import = 0Number of asset objects unloaded after import = 0

========================================================================
Received Import Request.
  Time since last request: 0.001608 seconds.
  path: Assets/Art/Fighters/F00/F00_Damage.png
  artifactKey: Guid(d5dd9319f130a7044bedbec1d2aa60f8) Importer(2089858483,192608db42251d675da83286b1cce702)
Start importing Assets/Art/Fighters/F00/F00_Damage.png using Guid(d5dd9319f130a7044bedbec1d2aa60f8) Importer(2089858483,192608db42251d675da83286b1cce702) (ScriptedImporter) -> (artifact id: '5cd2da1f125c2fbea45f2eb87ade7626') in 0.0855438 seconds
Number of updated asset objects reloaded before import = 0Number of asset objects unloaded after import = 6

========================================================================
Received Import Request.
  Time since last request: 0.000218 seconds.
  path: Assets/Script/MotionDataContainer.cs
  artifactKey: Guid(7a17d6bed5a058e42a4f017f4aea0385) Importer(2089858483,192608db42251d675da83286b1cce702)
Start importing Assets/Script/MotionDataContainer.cs using Guid(7a17d6bed5a058e42a4f017f4aea0385) Importer(2089858483,192608db42251d675da83286b1cce702) (ScriptedImporter) -> (artifact id: '1809caceffda0ea2179e33d2369ef566') in 0.0050443 seconds
Number of updated asset objects reloaded before import = 0Number of asset objects unloaded after import = 0

========================================================================
Received Import Request.
  Time since last request: 0.000145 seconds.
  path: Assets/Fighter/F00/F00_ActionDataContainer.asset
  artifactKey: Guid(47b90728f65eaf14083c45c9f81c1d2b) Importer(2089858483,192608db42251d675da83286b1cce702)
Start importing Assets/Fighter/F00/F00_ActionDataContainer.asset using Guid(47b90728f65eaf14083c45c9f81c1d2b) Importer(2089858483,192608db42251d675da83286b1cce702) (ScriptedImporter) -> (artifact id: '6d096d3b174c36af0ac34475a2875a5e') in 0.0417059 seconds
Number of updated asset objects reloaded before import = 0Number of asset objects unloaded after import = 28

========================================================================
Received Import Request.
  Time since last request: 0.000015 seconds.
  path: Assets/Script/UIEventAction.cs
  artifactKey: Guid(965cb0393c36c7049b2908e08cf077cc) Importer(2089858483,192608db42251d675da83286b1cce702)
Start importing Assets/Script/UIEventAction.cs using Guid(965cb0393c36c7049b2908e08cf077cc) Importer(2089858483,192608db42251d675da83286b1cce702) (ScriptedImporter) -> (artifact id: '001e6f1bd4a0f03f51a730c277b42490') in 0.0040913 seconds
Number of updated asset objects reloaded before import = 0Number of asset objects unloaded after import = 0

========================================================================
Received Import Request.
  Time since last request: 0.000133 seconds.
  path: Assets/Art/Guard.png
  artifactKey: Guid(611e713ceb9ef26468a20f0992815b64) Importer(2089858483,192608db42251d675da83286b1cce702)
Start importing Assets/Art/Guard.png using Guid(611e713ceb9ef26468a20f0992815b64) Importer(2089858483,192608db42251d675da83286b1cce702) (ScriptedImporter) -> (artifact id: '36048f512ac8d15de8532519a8b02a2b') in 0.01685 seconds
Number of updated asset objects reloaded before import = 0Number of asset objects unloaded after import = 3

========================================================================
Received Import Request.
  Time since last request: 0.000014 seconds.
  path: Assets/Art/Version.png
  artifactKey: Guid(6514436f7d6740347b3213cb58c4e855) Importer(2089858483,192608db42251d675da83286b1cce702)
Start importing Assets/Art/Version.png using Guid(6514436f7d6740347b3213cb58c4e855) Importer(2089858483,192608db42251d675da83286b1cce702) (ScriptedImporter) -> (artifact id: 'ba8b63b7bd7e7836749c02eb270ba4bf') in 0.0203944 seconds
Number of updated asset objects reloaded before import = 0Number of asset objects unloaded after import = 3

========================================================================
Received Import Request.
  Time since last request: 0.000013 seconds.
  path: Assets/Art/Fighters/F00/F00_StandGuard.png
  artifactKey: Guid(b8eb853318a370f4489298c12ce13fba) Importer(2089858483,192608db42251d675da83286b1cce702)
Start importing Assets/Art/Fighters/F00/F00_StandGuard.png using Guid(b8eb853318a370f4489298c12ce13fba) Importer(2089858483,192608db42251d675da83286b1cce702) (ScriptedImporter) -> (artifact id: '93b04dceafcde9b23f624f9540acb010') in 0.0215518 seconds
Number of updated asset objects reloaded before import = 0Number of asset objects unloaded after import = 4

========================================================================
Received Import Request.
  Time since last request: 0.000264 seconds.
  path: Assets/Art/Fighters/F00/Idle_0.png
  artifactKey: Guid(1b5cbbaa9ca03034da3fd353f814abc1) Importer(2089858483,192608db42251d675da83286b1cce702)
Start importing Assets/Art/Fighters/F00/Idle_0.png using Guid(1b5cbbaa9ca03034da3fd353f814abc1) Importer(2089858483,192608db42251d675da83286b1cce702) (ScriptedImporter) -> (artifact id: '42503472ef5c4c1782f3f786f7175fb8') in 0.018055 seconds
Number of updated asset objects reloaded before import = 0Number of asset objects unloaded after import = 3

========================================================================
Received Import Request.
  Time since last request: 0.000013 seconds.
  path: Assets/Sound/SE/MenuSelect.wav
  artifactKey: Guid(fce123f7d6e3ffe4fb0d7a28f2d75e1c) Importer(2089858483,192608db42251d675da83286b1cce702)
Start importing Assets/Sound/SE/MenuSelect.wav using Guid(fce123f7d6e3ffe4fb0d7a28f2d75e1c) Importer(2089858483,192608db42251d675da83286b1cce702) (ScriptedImporter) -> (artifact id: '6422ebd4d40c4f6a5323b13fa371e698') in 0.0315611 seconds
Number of updated asset objects reloaded before import = 0Number of asset objects unloaded after import = 1

========================================================================
Received Import Request.
  Time since last request: 0.002410 seconds.
  path: Assets/Sound/SE/B_Special_2.wav
  artifactKey: Guid(50c12e0c131c89f4e844ab5de9f9a0c8) Importer(2089858483,192608db42251d675da83286b1cce702)
Start importing Assets/Sound/SE/B_Special_2.wav using Guid(50c12e0c131c89f4e844ab5de9f9a0c8) Importer(2089858483,192608db42251d675da83286b1cce702) (ScriptedImporter) -> (artifact id: 'bd3f4b83f586f1d471e8d033975b0793') in 0.0363419 seconds
Number of updated asset objects reloaded before import = 0Number of asset objects unloaded after import = 1

========================================================================
Received Import Request.
  Time since last request: 0.000421 seconds.
  path: Assets/Fighter/F00/Actions/B_SPECIAL.asset
  artifactKey: Guid(d67c69c41c0bc07468999157015ad9f2) Importer(2089858483,192608db42251d675da83286b1cce702)
Start importing Assets/Fighter/F00/Actions/B_SPECIAL.asset using Guid(d67c69c41c0bc07468999157015ad9f2) Importer(2089858483,192608db42251d675da83286b1cce702) (ScriptedImporter) -> (artifact id: '377fc4e38be77ceb188f6c1ea6900dca') in 0.018772 seconds
Number of updated asset objects reloaded before import = 0Number of asset objects unloaded after import = 2

========================================================================
Received Import Request.
  Time since last request: 0.000016 seconds.
  path: Assets/Script/FighterData.cs
  artifactKey: Guid(461913c0cd8d9a345b1a4f87a0789dcf) Importer(2089858483,192608db42251d675da83286b1cce702)
Start importing Assets/Script/FighterData.cs using Guid(461913c0cd8d9a345b1a4f87a0789dcf) Importer(2089858483,192608db42251d675da83286b1cce702) (ScriptedImporter) -> (artifact id: '17e5d254d244f67e8c34d3da22b14fa2') in 0.0050118 seconds
Number of updated asset objects reloaded before import = 0Number of asset objects unloaded after import = 0

========================================================================
Received Import Request.
  Time since last request: 0.000152 seconds.
  path: Assets/Fighter/F00/Actions/DASH_BACKWARD.asset
  artifactKey: Guid(d9de62d47df4679459ab9241d8c3bd39) Importer(2089858483,192608db42251d675da83286b1cce702)
Start importing Assets/Fighter/F00/Actions/DASH_BACKWARD.asset using Guid(d9de62d47df4679459ab9241d8c3bd39) Importer(2089858483,192608db42251d675da83286b1cce702) (ScriptedImporter) -> (artifact id: '3436c1aea8e198fba9df20850c49dfa2') in 0.0100876 seconds
Number of updated asset objects reloaded before import = 0Number of asset objects unloaded after import = 2

========================================================================
Received Import Request.
  Time since last request: 0.000016 seconds.
  path: Assets/XInputDotNet/Plugins/x86_64/XInputInterface.dll
  artifactKey: Guid(f79ea96a8e336c9429ea63c03eda9674) Importer(2089858483,192608db42251d675da83286b1cce702)
Start importing Assets/XInputDotNet/Plugins/x86_64/XInputInterface.dll using Guid(f79ea96a8e336c9429ea63c03eda9674) Importer(2089858483,192608db42251d675da83286b1cce702) (ScriptedImporter) -> (artifact id: 'fd79c142eddae7a6e194ad57d31dcf38') in 0.0067936 seconds
Number of updated asset objects reloaded before import = 0Number of asset objects unloaded after import = 0

========================================================================
Received Import Request.
  Time since last request: 0.000015 seconds.
  path: Assets/Fighter/F00/Actions/GUARD_STAND.asset
  artifactKey: Guid(3008ba045a8b2944bb6b9c906aa4f243) Importer(2089858483,192608db42251d675da83286b1cce702)
Start importing Assets/Fighter/F00/Actions/GUARD_STAND.asset using Guid(3008ba045a8b2944bb6b9c906aa4f243) Importer(2089858483,192608db42251d675da83286b1cce702) (ScriptedImporter) -> (artifact id: '890eb6d4bfda9ef93f43493a1c9d3196') in 0.0083452 seconds
Number of updated asset objects reloaded before import = 0Number of asset objects unloaded after import = 2

========================================================================
Received Import Request.
  Time since last request: 0.000012 seconds.
  path: Assets/Plugins/GitHub/Editor/x86/pthreadVC2.dll
  artifactKey: Guid(151a1d946b98deb4b98445400983ba92) Importer(2089858483,192608db42251d675da83286b1cce702)
Start importing Assets/Plugins/GitHub/Editor/x86/pthreadVC2.dll using Guid(151a1d946b98deb4b98445400983ba92) Importer(2089858483,192608db42251d675da83286b1cce702) (ScriptedImporter) -> (artifact id: '1db1eb9ff0ecb69d42509b275c8ce0da') in 0.0061246 seconds
Number of updated asset objects reloaded before import = 0Number of asset objects unloaded after import = 0

========================================================================
Received Import Request.
  Time since last request: 0.000275 seconds.
  path: Assets/XInputDotNet/Examples/XInputTestCS.cs
  artifactKey: Guid(e143cf088d969334389b47fee45014c4) Importer(2089858483,192608db42251d675da83286b1cce702)
Start importing Assets/XInputDotNet/Examples/XInputTestCS.cs using Guid(e143cf088d969334389b47fee45014c4) Importer(2089858483,192608db42251d675da83286b1cce702) (ScriptedImporter) -> (artifact id: '1aa911b958c1e52c571a48a5bd459bd3') in 0.0047427 seconds
Number of updated asset objects reloaded before import = 0Number of asset objects unloaded after import = 0

========================================================================
Received Import Request.
  Time since last request: 0.000200 seconds.
  path: Assets/Scenes/MasterScene.unity
  artifactKey: Guid(924ba92db9f428d468840ef9f8614c34) Importer(2089858483,192608db42251d675da83286b1cce702)
Start importing Assets/Scenes/MasterScene.unity using Guid(924ba92db9f428d468840ef9f8614c34) Importer(2089858483,192608db42251d675da83286b1cce702) (ScriptedImporter) -> (artifact id: '7b6d1ac0080ca322723b5a14367463fd') in 0.008374 seconds
Number of updated asset objects reloaded before import = 0Number of asset objects unloaded after import = 1

========================================================================
Received Import Request.
  Time since last request: 0.001752 seconds.
  path: Assets/Plugins/GitHub/Editor/x64/sfw_x64.dll
  artifactKey: Guid(fe5abeadcbe591e4fa9107fbc02f3998) Importer(2089858483,192608db42251d675da83286b1cce702)
Start importing Assets/Plugins/GitHub/Editor/x64/sfw_x64.dll using Guid(fe5abeadcbe591e4fa9107fbc02f3998) Importer(2089858483,192608db42251d675da83286b1cce702) (ScriptedImporter) -> (artifact id: '9cff0aaec014cafef89059e1206c719f') in 0.0058119 seconds
Number of updated asset objects reloaded before import = 0Number of asset objects unloaded after import = 0

========================================================================
Received Import Request.
  Time since last request: 0.001331 seconds.
  path: Assets/Fighter/F00/Actions/DAMAGE.asset
  artifactKey: Guid(388562efcd07ad74ab446d4250565cf9) Importer(2089858483,192608db42251d675da83286b1cce702)
Start importing Assets/Fighter/F00/Actions/DAMAGE.asset using Guid(388562efcd07ad74ab446d4250565cf9) Importer(2089858483,192608db42251d675da83286b1cce702) (ScriptedImporter) -> (artifact id: '8513e89e1086472f34a0f8c7afde9cba') in 0.0070392 seconds
Number of updated asset objects reloaded before import = 0Number of asset objects unloaded after import = 2

========================================================================
Received Import Request.
  Time since last request: 0.000010 seconds.
  path: Assets/Fighter/F00/Actions/DEAD.asset
  artifactKey: Guid(55daeffa3fc74da4aa392ca95292c8e8) Importer(2089858483,192608db42251d675da83286b1cce702)
Start importing Assets/Fighter/F00/Actions/DEAD.asset using Guid(55daeffa3fc74da4aa392ca95292c8e8) Importer(2089858483,192608db42251d675da83286b1cce702) (ScriptedImporter) -> (artifact id: 'b6fd2b87714cc9b07e81523a1f0f0db8') in 0.0081425 seconds
Number of updated asset objects reloaded before import = 0Number of asset objects unloaded after import = 2

========================================================================
Received Import Request.
  Time since last request: 0.000016 seconds.
  path: Assets/Sound/SE/Special_Hit_1.wav
  artifactKey: Guid(4b0a261ce2a2f35499cd3d77d4cd679d) Importer(2089858483,192608db42251d675da83286b1cce702)
Start importing Assets/Sound/SE/Special_Hit_1.wav using Guid(4b0a261ce2a2f35499cd3d77d4cd679d) Importer(2089858483,192608db42251d675da83286b1cce702) (ScriptedImporter) -> (artifact id: '7e528d0ab1769981440f864e5f4ea9ee') in 0.0320417 seconds
Number of updated asset objects reloaded before import = 0Number of asset objects unloaded after import = 1

========================================================================
Received Prepare
Begin MonoManager ReloadAssembly
Symbol file LoadedFromMemory is not a mono symbol file
- Loaded All Assemblies, in  0.694 seconds
Refreshing native plugins compatible for Editor in 6.36 ms, found 4 plugins.
Native extension for WindowsStandalone target not found
Native extension for WebGL target not found
Mono: successfully reloaded assembly
- Finished resetting the current domain, in  0.875 seconds
Domain Reload Profiling: 1564ms
	BeginReloadAssembly (206ms)
		ExecutionOrderSort (0ms)
		DisableScriptedObjects (7ms)
		BackupInstance (0ms)
		ReleaseScriptingObjects (0ms)
		CreateAndSetChildDomain (49ms)
	RebuildCommonClasses (34ms)
	RebuildNativeTypeToScriptingClass (14ms)
	initialDomainReloadingComplete (28ms)
	LoadAllAssembliesAndSetupDomain (407ms)
		LoadAssemblies (400ms)
		RebuildTransferFunctionScriptingTraits (0ms)
		AnalyzeDomain (116ms)
			TypeCache.Refresh (7ms)
				TypeCache.ScanAssembly (0ms)
			BuildScriptInfoCaches (99ms)
			ResolveRequiredComponents (8ms)
	FinalizeReload (875ms)
		ReleaseScriptCaches (0ms)
		RebuildScriptCaches (0ms)
		SetupLoadedEditorAssemblies (670ms)
			LogAssemblyErrors (0ms)
			InitializePlatformSupportModulesInManaged (3ms)
			SetLoadedEditorAssemblies (7ms)
			BeforeProcessingInitializeOnLoad (78ms)
			ProcessInitializeOnLoadAttributes (406ms)
			ProcessInitializeOnLoadMethodAttributes (165ms)
			AfterProcessingInitializeOnLoad (11ms)
			EditorAssembliesLoaded (0ms)
		ExecutionOrderSort2 (0ms)
		AwakeInstancesAfterBackupRestoration (6ms)
Refreshing native plugins compatible for Editor in 6.77 ms, found 4 plugins.
Preloading 0 native plugins for Editor in 0.00 ms.
Unloading 13 Unused Serialized files (Serialized files now loaded: 0)
Unloading 2995 unused Assets / (1.9 MB). Loaded Objects now: 3569.
Memory consumption went from 109.7 MB to 107.7 MB.
Total: 10.735300 ms (FindLiveObjects: 0.343100 ms CreateObjectMapping: 0.132500 ms MarkObjects: 9.280500 ms  DeleteObjects: 0.978300 ms)

Prepare: number of updated asset objects reloaded= 0
========================================================================
Received Prepare
Begin MonoManager ReloadAssembly
Symbol file LoadedFromMemory is not a mono symbol file
- Loaded All Assemblies, in  0.695 seconds
Refreshing native plugins compatible for Editor in 6.70 ms, found 4 plugins.
Native extension for WindowsStandalone target not found
Native extension for WebGL target not found
Mono: successfully reloaded assembly
- Finished resetting the current domain, in  0.839 seconds
Domain Reload Profiling: 1529ms
	BeginReloadAssembly (204ms)
		ExecutionOrderSort (0ms)
		DisableScriptedObjects (7ms)
		BackupInstance (0ms)
		ReleaseScriptingObjects (0ms)
		CreateAndSetChildDomain (48ms)
	RebuildCommonClasses (33ms)
	RebuildNativeTypeToScriptingClass (13ms)
	initialDomainReloadingComplete (29ms)
	LoadAllAssembliesAndSetupDomain (410ms)
		LoadAssemblies (405ms)
		RebuildTransferFunctionScriptingTraits (0ms)
		AnalyzeDomain (115ms)
			TypeCache.Refresh (7ms)
				TypeCache.ScanAssembly (0ms)
			BuildScriptInfoCaches (101ms)
			ResolveRequiredComponents (4ms)
	FinalizeReload (840ms)
		ReleaseScriptCaches (0ms)
		RebuildScriptCaches (0ms)
		SetupLoadedEditorAssemblies (639ms)
			LogAssemblyErrors (0ms)
			InitializePlatformSupportModulesInManaged (4ms)
			SetLoadedEditorAssemblies (7ms)
			BeforeProcessingInitializeOnLoad (65ms)
			ProcessInitializeOnLoadAttributes (387ms)
			ProcessInitializeOnLoadMethodAttributes (164ms)
			AfterProcessingInitializeOnLoad (11ms)
			EditorAssembliesLoaded (0ms)
		ExecutionOrderSort2 (0ms)
		AwakeInstancesAfterBackupRestoration (7ms)
Refreshing native plugins compatible for Editor in 6.37 ms, found 4 plugins.
Preloading 0 native plugins for Editor in 0.00 ms.
Unloading 13 Unused Serialized files (Serialized files now loaded: 0)
Unloading 2995 unused Assets / (1.8 MB). Loaded Objects now: 3569.
Memory consumption went from 109.7 MB to 107.8 MB.
Total: 10.809100 ms (FindLiveObjects: 0.359700 ms CreateObjectMapping: 0.125100 ms MarkObjects: 9.406400 ms  DeleteObjects: 0.916700 ms)

Prepare: number of updated asset objects reloaded= 0
========================================================================
Received Prepare
Refreshing native plugins compatible for Editor in 6.05 ms, found 4 plugins.
Preloading 0 native plugins for Editor in 0.00 ms.
Unloading 13 Unused Serialized files (Serialized files now loaded: 0)
Unloading 2957 unused Assets / (1.6 MB). Loaded Objects now: 3569.
Memory consumption went from 109.6 MB to 108.0 MB.
Total: 11.067900 ms (FindLiveObjects: 0.405200 ms CreateObjectMapping: 0.145200 ms MarkObjects: 9.299000 ms  DeleteObjects: 1.216900 ms)

Prepare: number of updated asset objects reloaded= 0
========================================================================
Received Prepare
Begin MonoManager ReloadAssembly
Symbol file LoadedFromMemory is not a mono symbol file
- Loaded All Assemblies, in  0.697 seconds
Refreshing native plugins compatible for Editor in 7.14 ms, found 4 plugins.
Native extension for WindowsStandalone target not found
Native extension for WebGL target not found
Mono: successfully reloaded assembly
- Finished resetting the current domain, in  0.842 seconds
Domain Reload Profiling: 1534ms
	BeginReloadAssembly (197ms)
		ExecutionOrderSort (0ms)
		DisableScriptedObjects (7ms)
		BackupInstance (0ms)
		ReleaseScriptingObjects (0ms)
		CreateAndSetChildDomain (45ms)
	RebuildCommonClasses (36ms)
	RebuildNativeTypeToScriptingClass (14ms)
	initialDomainReloadingComplete (30ms)
	LoadAllAssembliesAndSetupDomain (416ms)
		LoadAssemblies (400ms)
		RebuildTransferFunctionScriptingTraits (0ms)
		AnalyzeDomain (121ms)
			TypeCache.Refresh (10ms)
				TypeCache.ScanAssembly (1ms)
			BuildScriptInfoCaches (104ms)
			ResolveRequiredComponents (4ms)
	FinalizeReload (842ms)
		ReleaseScriptCaches (0ms)
		RebuildScriptCaches (0ms)
		SetupLoadedEditorAssemblies (624ms)
			LogAssemblyErrors (0ms)
			InitializePlatformSupportModulesInManaged (3ms)
			SetLoadedEditorAssemblies (6ms)
			BeforeProcessingInitializeOnLoad (72ms)
			ProcessInitializeOnLoadAttributes (381ms)
			ProcessInitializeOnLoadMethodAttributes (152ms)
			AfterProcessingInitializeOnLoad (10ms)
			EditorAssembliesLoaded (0ms)
		ExecutionOrderSort2 (0ms)
		AwakeInstancesAfterBackupRestoration (6ms)
Refreshing native plugins compatible for Editor in 6.13 ms, found 4 plugins.
Preloading 0 native plugins for Editor in 0.00 ms.
Unloading 13 Unused Serialized files (Serialized files now loaded: 0)
Unloading 2995 unused Assets / (2.0 MB). Loaded Objects now: 3569.
Memory consumption went from 111.6 MB to 109.6 MB.
Total: 10.956100 ms (FindLiveObjects: 0.433400 ms CreateObjectMapping: 0.149600 ms MarkObjects: 9.371800 ms  DeleteObjects: 1.000000 ms)

Prepare: number of updated asset objects reloaded= 0
========================================================================
Received Prepare
Begin MonoManager ReloadAssembly
Symbol file LoadedFromMemory is not a mono symbol file
- Loaded All Assemblies, in  0.686 seconds
Refreshing native plugins compatible for Editor in 6.60 ms, found 4 plugins.
Native extension for WindowsStandalone target not found
Native extension for WebGL target not found
Mono: successfully reloaded assembly
- Finished resetting the current domain, in  0.827 seconds
Domain Reload Profiling: 1508ms
	BeginReloadAssembly (197ms)
		ExecutionOrderSort (0ms)
		DisableScriptedObjects (6ms)
		BackupInstance (0ms)
		ReleaseScriptingObjects (0ms)
		CreateAndSetChildDomain (47ms)
	RebuildCommonClasses (33ms)
	RebuildNativeTypeToScriptingClass (14ms)
	initialDomainReloadingComplete (28ms)
	LoadAllAssembliesAndSetupDomain (408ms)
		LoadAssemblies (396ms)
		RebuildTransferFunctionScriptingTraits (0ms)
		AnalyzeDomain (117ms)
			TypeCache.Refresh (7ms)
				TypeCache.ScanAssembly (0ms)
			BuildScriptInfoCaches (104ms)
			ResolveRequiredComponents (4ms)
	FinalizeReload (828ms)
		ReleaseScriptCaches (0ms)
		RebuildScriptCaches (0ms)
		SetupLoadedEditorAssemblies (621ms)
			LogAssemblyErrors (0ms)
			InitializePlatformSupportModulesInManaged (3ms)
			SetLoadedEditorAssemblies (6ms)
			BeforeProcessingInitializeOnLoad (72ms)
			ProcessInitializeOnLoadAttributes (369ms)
			ProcessInitializeOnLoadMethodAttributes (160ms)
			AfterProcessingInitializeOnLoad (11ms)
			EditorAssembliesLoaded (0ms)
		ExecutionOrderSort2 (0ms)
		AwakeInstancesAfterBackupRestoration (6ms)
Refreshing native plugins compatible for Editor in 6.83 ms, found 4 plugins.
Preloading 0 native plugins for Editor in 0.00 ms.
Unloading 13 Unused Serialized files (Serialized files now loaded: 0)
Unloading 2995 unused Assets / (2.6 MB). Loaded Objects now: 3569.
Memory consumption went from 111.6 MB to 109.0 MB.
Total: 10.843200 ms (FindLiveObjects: 0.342500 ms CreateObjectMapping: 0.128600 ms MarkObjects: 9.265200 ms  DeleteObjects: 1.105100 ms)

Prepare: number of updated asset objects reloaded= 0
========================================================================
Received Prepare
Begin MonoManager ReloadAssembly
