Using pre-set license
Built from '6000.0/staging' branch; Version is '6000.0.28f1 (f336aca0cab5) revision 15939244'; Using compiler version '193933523'; Build Type 'Release'
OS: 'Windows 10  (10.0.19045) 64bit Core' Language: 'en' Physical Memory: 16224 MB
BatchMode: 1, IsHumanControllingUs: 0, StartBugReporterOnCrash: 0, Is64bit: 1, IsPro: 1

COMMAND LINE ARGUMENTS:
C:\Program Files\Unity\Hub\Editor\6000.0.28f1\Editor\Unity.exe
-adb2
-batchMode
-noUpm
-name
AssetImportWorker2
-projectPath
C:/Users/bahaf/Documents/Final Year Project/footsies_final_year_project
-logFile
Logs/AssetImportWorker2.log
-srvPort
62505
-job-worker-count
11
-background-job-worker-count
8
-asset-garbage-collectors
1
Successfully changed project path to: C:/Users/bahaf/Documents/Final Year Project/footsies_final_year_project
C:/Users/bahaf/Documents/Final Year Project/footsies_final_year_project
[UnityMemory] Configuration Parameters - Can be set up in boot.config
    "memorysetup-bucket-allocator-granularity=16"
    "memorysetup-bucket-allocator-bucket-count=8"
    "memorysetup-bucket-allocator-block-size=33554432"
    "memorysetup-bucket-allocator-block-count=8"
    "memorysetup-main-allocator-block-size=16777216"
    "memorysetup-thread-allocator-block-size=16777216"
    "memorysetup-gfx-main-allocator-block-size=16777216"
    "memorysetup-gfx-thread-allocator-block-size=16777216"
    "memorysetup-cache-allocator-block-size=4194304"
    "memorysetup-typetree-allocator-block-size=2097152"
    "memorysetup-profiler-bucket-allocator-granularity=16"
    "memorysetup-profiler-bucket-allocator-bucket-count=8"
    "memorysetup-profiler-bucket-allocator-block-size=33554432"
    "memorysetup-profiler-bucket-allocator-block-count=8"
    "memorysetup-profiler-allocator-block-size=16777216"
    "memorysetup-profiler-editor-allocator-block-size=1048576"
    "memorysetup-temp-allocator-size-main=16777216"
    "memorysetup-job-temp-allocator-block-size=2097152"
    "memorysetup-job-temp-allocator-block-size-background=1048576"
    "memorysetup-job-temp-allocator-reduction-small-platforms=262144"
    "memorysetup-allocator-temp-initial-block-size-main=262144"
    "memorysetup-allocator-temp-initial-block-size-worker=262144"
    "memorysetup-temp-allocator-size-background-worker=32768"
    "memorysetup-temp-allocator-size-job-worker=262144"
    "memorysetup-temp-allocator-size-preload-manager=33554432"
    "memorysetup-temp-allocator-size-nav-mesh-worker=65536"
    "memorysetup-temp-allocator-size-audio-worker=65536"
    "memorysetup-temp-allocator-size-cloud-worker=32768"
    "memorysetup-temp-allocator-size-gi-baking-worker=262144"
    "memorysetup-temp-allocator-size-gi-baking-worker=262144"
    "memorysetup-temp-allocator-size-gi-baking-worker=262144"
    "memorysetup-temp-allocator-size-gi-baking-worker=262144"
    "memorysetup-temp-allocator-size-gi-baking-worker=262144"
    "memorysetup-temp-allocator-size-gfx=262144"
Player connection [26592]  Target information:

Player connection [26592]  * "[IP] 192.168.178.89 [Port] 0 [Flags] 2 [Guid] 2588358645 [EditorId] 2588358645 [Version] 1048832 [Id] WindowsEditor(7,AJ-DESKTOP) [Debug] 1 [PackageName] WindowsEditor [ProjectName] Editor" 

Player connection [26592]  * "[IP] 169.254.83.107 [Port] 0 [Flags] 2 [Guid] 2588358645 [EditorId] 2588358645 [Version] 1048832 [Id] WindowsEditor(7,AJ-DESKTOP) [Debug] 1 [PackageName] WindowsEditor [ProjectName] Editor" 

Player connection [26592] Host joined multi-casting on [225.0.0.222:54997]...
Player connection [26592] Host joined alternative multi-casting on [225.0.0.222:34997]...
JobSystem: Creating JobQueue using job-worker-count value 11
[Physics::Module] Initialized fallback backend.
[Physics::Module] Id: 0xdecafbad
Library Redirect Path: Library/
[Physics::Module] Selected backend.
[Physics::Module] Name: PhysX
[Physics::Module] Id: 0xf2b8ea05
[Physics::Module] SDK Version: 4.1.2
[Physics::Module] Integration Version: 1.0.0
[Physics::Module] Threading Mode: Multi-Threaded
Refreshing native plugins compatible for Editor in 7.14 ms, found 4 plugins.
Preloading 0 native plugins for Editor in 0.00 ms.
Initialize engine version: 6000.0.28f1 (f336aca0cab5)
[Subsystems] Discovering subsystems at path C:/Program Files/Unity/Hub/Editor/6000.0.28f1/Editor/Data/Resources/UnitySubsystems
[Subsystems] Discovering subsystems at path C:/Users/bahaf/Documents/Final Year Project/footsies_final_year_project/Assets
GfxDevice: creating device client; kGfxThreadingModeNonThreaded
Direct3D:
    Version:  Direct3D 11.0 [level 11.1]
    Renderer: NVIDIA GeForce GTX 1660 SUPER (ID=0x21c4)
    Vendor:   NVIDIA
    VRAM:     5966 MB
    Driver:   32.0.15.6614
Initialize mono
Mono path[0] = 'C:/Program Files/Unity/Hub/Editor/6000.0.28f1/Editor/Data/Managed'
Mono path[1] = 'C:/Program Files/Unity/Hub/Editor/6000.0.28f1/Editor/Data/MonoBleedingEdge/lib/mono/unityjit-win32'
Mono config path = 'C:/Program Files/Unity/Hub/Editor/6000.0.28f1/Editor/Data/MonoBleedingEdge/etc'
Using monoOptions --debugger-agent=transport=dt_socket,embedding=1,server=y,suspend=n,address=127.0.0.1:56816
Begin MonoManager ReloadAssembly
Registering precompiled unity dll's ...
Register platform support module: C:/Program Files/Unity/Hub/Editor/6000.0.28f1/Editor/Data/PlaybackEngines/WebGLSupport/UnityEditor.WebGL.Extensions.dll
Register platform support module: C:/Program Files/Unity/Hub/Editor/6000.0.28f1/Editor/Data/PlaybackEngines/WindowsStandaloneSupport/UnityEditor.WindowsStandalone.Extensions.dll
Registered in 0.005161 seconds.
- Loaded All Assemblies, in  0.414 seconds
Native extension for WindowsStandalone target not found
Native extension for WebGL target not found
Mono: successfully reloaded assembly
- Finished resetting the current domain, in  0.293 seconds
Domain Reload Profiling: 703ms
	BeginReloadAssembly (144ms)
		ExecutionOrderSort (0ms)
		DisableScriptedObjects (0ms)
		BackupInstance (0ms)
		ReleaseScriptingObjects (0ms)
		CreateAndSetChildDomain (1ms)
	RebuildCommonClasses (36ms)
	RebuildNativeTypeToScriptingClass (13ms)
	initialDomainReloadingComplete (57ms)
	LoadAllAssembliesAndSetupDomain (160ms)
		LoadAssemblies (140ms)
		RebuildTransferFunctionScriptingTraits (0ms)
		AnalyzeDomain (157ms)
			TypeCache.Refresh (155ms)
				TypeCache.ScanAssembly (139ms)
			BuildScriptInfoCaches (0ms)
			ResolveRequiredComponents (0ms)
	FinalizeReload (293ms)
		ReleaseScriptCaches (0ms)
		RebuildScriptCaches (0ms)
		SetupLoadedEditorAssemblies (259ms)
			LogAssemblyErrors (0ms)
			InitializePlatformSupportModulesInManaged (34ms)
			SetLoadedEditorAssemblies (6ms)
			BeforeProcessingInitializeOnLoad (16ms)
			ProcessInitializeOnLoadAttributes (131ms)
			ProcessInitializeOnLoadMethodAttributes (44ms)
			AfterProcessingInitializeOnLoad (29ms)
			EditorAssembliesLoaded (0ms)
		ExecutionOrderSort2 (0ms)
		AwakeInstancesAfterBackupRestoration (0ms)
========================================================================
Worker process is ready to serve import requests
Import Worker Mode flag is 0x00
Begin MonoManager ReloadAssembly
Symbol file LoadedFromMemory is not a mono symbol file
- Loaded All Assemblies, in  1.017 seconds
Refreshing native plugins compatible for Editor in 5.66 ms, found 4 plugins.
Native extension for WindowsStandalone target not found
Native extension for WebGL target not found
Refreshing native plugins compatible for Editor in 5.94 ms, found 4 plugins.
Mono: successfully reloaded assembly
- Finished resetting the current domain, in  0.856 seconds
Domain Reload Profiling: 1866ms
	BeginReloadAssembly (430ms)
		ExecutionOrderSort (0ms)
		DisableScriptedObjects (7ms)
		BackupInstance (0ms)
		ReleaseScriptingObjects (0ms)
		CreateAndSetChildDomain (37ms)
	RebuildCommonClasses (37ms)
	RebuildNativeTypeToScriptingClass (13ms)
	initialDomainReloadingComplete (31ms)
	LoadAllAssembliesAndSetupDomain (500ms)
		LoadAssemblies (463ms)
		RebuildTransferFunctionScriptingTraits (0ms)
		AnalyzeDomain (156ms)
			TypeCache.Refresh (105ms)
				TypeCache.ScanAssembly (88ms)
			BuildScriptInfoCaches (45ms)
			ResolveRequiredComponents (4ms)
	FinalizeReload (856ms)
		ReleaseScriptCaches (0ms)
		RebuildScriptCaches (0ms)
		SetupLoadedEditorAssemblies (664ms)
			LogAssemblyErrors (0ms)
			InitializePlatformSupportModulesInManaged (4ms)
			SetLoadedEditorAssemblies (6ms)
			BeforeProcessingInitializeOnLoad (83ms)
			ProcessInitializeOnLoadAttributes (393ms)
			ProcessInitializeOnLoadMethodAttributes (167ms)
			AfterProcessingInitializeOnLoad (11ms)
			EditorAssembliesLoaded (0ms)
		ExecutionOrderSort2 (0ms)
		AwakeInstancesAfterBackupRestoration (6ms)
Launched and connected shader compiler UnityShaderCompiler.exe after 0.03 seconds
Refreshing native plugins compatible for Editor in 4.31 ms, found 4 plugins.
Preloading 0 native plugins for Editor in 0.00 ms.
Unloading 49 Unused Serialized files (Serialized files now loaded: 0)
Unloading 2997 unused Assets / (1.9 MB). Loaded Objects now: 3567.
Memory consumption went from 117.1 MB to 115.3 MB.
Total: 11.780400 ms (FindLiveObjects: 0.183600 ms CreateObjectMapping: 0.076600 ms MarkObjects: 10.901400 ms  DeleteObjects: 0.617900 ms)

========================================================================
Received Import Request.
  Time since last request: 25594.524909 seconds.
  path: Assets/Scenes/TestScene.unity
  artifactKey: Guid(0b847cfeb99c8cb4aa5de4db02464cf9) Importer(2089858483,192608db42251d675da83286b1cce702)
Start importing Assets/Scenes/TestScene.unity using Guid(0b847cfeb99c8cb4aa5de4db02464cf9) Importer(2089858483,192608db42251d675da83286b1cce702) (ScriptedImporter) -> (artifact id: '9ae4f268f5a16414b3373207334ec119') in 0.0476798 seconds
Number of updated asset objects reloaded before import = 0Number of asset objects unloaded after import = 1

========================================================================
Received Import Request.
  Time since last request: 0.003117 seconds.
  path: Assets/Script/AttackDataContainer.cs
  artifactKey: Guid(f86479bbb272da14a9b83283a239998a) Importer(2089858483,192608db42251d675da83286b1cce702)
Start importing Assets/Script/AttackDataContainer.cs using Guid(f86479bbb272da14a9b83283a239998a) Importer(2089858483,192608db42251d675da83286b1cce702) (ScriptedImporter) -> (artifact id: 'a30b375a962c4680efacdb4c94b04ecf') in 0.0491822 seconds
Number of updated asset objects reloaded before import = 0Number of asset objects unloaded after import = 0

========================================================================
Received Import Request.
  Time since last request: 0.002466 seconds.
  path: Assets/Resources/BillingMode.json
  artifactKey: Guid(62e6c3663a5f58c44ae9be343c026a26) Importer(2089858483,192608db42251d675da83286b1cce702)
Start importing Assets/Resources/BillingMode.json using Guid(62e6c3663a5f58c44ae9be343c026a26) Importer(2089858483,192608db42251d675da83286b1cce702) (ScriptedImporter) -> (artifact id: '0901859323b888f33ab4ff4489f50cca') in 0.0036526 seconds
Number of updated asset objects reloaded before import = 0Number of asset objects unloaded after import = 1

========================================================================
Received Import Request.
  Time since last request: 0.000020 seconds.
  path: Assets/Gizmos/Cinemachine/cm_logo_lg.png
  artifactKey: Guid(d13b7d81b10e0eb41958f37ec7f00882) Importer(2089858483,192608db42251d675da83286b1cce702)
Start importing Assets/Gizmos/Cinemachine/cm_logo_lg.png using Guid(d13b7d81b10e0eb41958f37ec7f00882) Importer(2089858483,192608db42251d675da83286b1cce702) (ScriptedImporter) -> (artifact id: '0f61edc5269d6e629b5c47b4d8bb591d') in 0.0784605 seconds
Number of updated asset objects reloaded before import = 0Number of asset objects unloaded after import = 3

========================================================================
Received Import Request.
  Time since last request: 0.000115 seconds.
  path: Assets/XInputDotNet/Examples/XInputTest.unity
  artifactKey: Guid(cccde4c5ffb739943ba6857307a20901) Importer(2089858483,192608db42251d675da83286b1cce702)
Start importing Assets/XInputDotNet/Examples/XInputTest.unity using Guid(cccde4c5ffb739943ba6857307a20901) Importer(2089858483,192608db42251d675da83286b1cce702) (ScriptedImporter) -> (artifact id: 'f8489ae0a606443bfa7481d5bff86c25') in 0.0063512 seconds
Number of updated asset objects reloaded before import = 0Number of asset objects unloaded after import = 1

========================================================================
Received Import Request.
  Time since last request: 0.000014 seconds.
  path: Assets/Art/Fighters/F00/F00_GuardBreak.png
  artifactKey: Guid(bb00f0ee208d5c746bbbf968d632e99a) Importer(2089858483,192608db42251d675da83286b1cce702)
Start importing Assets/Art/Fighters/F00/F00_GuardBreak.png using Guid(bb00f0ee208d5c746bbbf968d632e99a) Importer(2089858483,192608db42251d675da83286b1cce702) (ScriptedImporter) -> (artifact id: '45ea516ad31935d009634b8213fdf347') in 0.0203373 seconds
Number of updated asset objects reloaded before import = 0Number of asset objects unloaded after import = 4

========================================================================
Received Import Request.
  Time since last request: 0.000016 seconds.
  path: Assets/Art/HitEffect.png
  artifactKey: Guid(fd948abaa10958b43b05b8b445524b48) Importer(2089858483,192608db42251d675da83286b1cce702)
Start importing Assets/Art/HitEffect.png using Guid(fd948abaa10958b43b05b8b445524b48) Importer(2089858483,192608db42251d675da83286b1cce702) (ScriptedImporter) -> (artifact id: '3d4c70acdefd74e3782036661c753519') in 0.0306325 seconds
Number of updated asset objects reloaded before import = 0Number of asset objects unloaded after import = 8

========================================================================
Received Import Request.
  Time since last request: 0.003774 seconds.
  path: Assets/Sound/SE/sfx.bfxrlibrary
  artifactKey: Guid(ce2cd07e1cf91914c8d1f8ef82d20d9f) Importer(2089858483,192608db42251d675da83286b1cce702)
Start importing Assets/Sound/SE/sfx.bfxrlibrary using Guid(ce2cd07e1cf91914c8d1f8ef82d20d9f) Importer(2089858483,192608db42251d675da83286b1cce702) (ScriptedImporter) -> (artifact id: 'e5a6d6156af070519556f029f42cc31a') in 0.0050958 seconds
Number of updated asset objects reloaded before import = 0Number of asset objects unloaded after import = 1

========================================================================
Received Import Request.
  Time since last request: 0.000133 seconds.
  path: Assets/Art/Fighters/F00/F00_BackwardDash.png
  artifactKey: Guid(9dbb26f3ed9c0864b9e46dc40cf91676) Importer(2089858483,192608db42251d675da83286b1cce702)
Start importing Assets/Art/Fighters/F00/F00_BackwardDash.png using Guid(9dbb26f3ed9c0864b9e46dc40cf91676) Importer(2089858483,192608db42251d675da83286b1cce702) (ScriptedImporter) -> (artifact id: '5b2a76b3456de7c507c870c1fe6a150e') in 0.0257974 seconds
Number of updated asset objects reloaded before import = 0Number of asset objects unloaded after import = 6

========================================================================
Received Import Request.
  Time since last request: 0.000349 seconds.
  path: Assets/Art/Fighters/F00/Idle_2.png
  artifactKey: Guid(0e5444be280472d45ad33eb6b8b1bca9) Importer(2089858483,192608db42251d675da83286b1cce702)
Start importing Assets/Art/Fighters/F00/Idle_2.png using Guid(0e5444be280472d45ad33eb6b8b1bca9) Importer(2089858483,192608db42251d675da83286b1cce702) (ScriptedImporter) -> (artifact id: '01097cc35bba154f500f279769d8ec4c') in 0.0186591 seconds
Number of updated asset objects reloaded before import = 0Number of asset objects unloaded after import = 3

========================================================================
Received Import Request.
  Time since last request: 0.000016 seconds.
  path: Assets/Sound/SE/GuardBreak_2.wav
  artifactKey: Guid(633659aed10eb214088a3a9822e810d5) Importer(2089858483,192608db42251d675da83286b1cce702)
Start importing Assets/Sound/SE/GuardBreak_2.wav using Guid(633659aed10eb214088a3a9822e810d5) Importer(2089858483,192608db42251d675da83286b1cce702) (ScriptedImporter) -> (artifact id: '7976783ffbc4af4c413a0d9951378495') in 0.0394377 seconds
Number of updated asset objects reloaded before import = 0Number of asset objects unloaded after import = 1

========================================================================
Received Import Request.
  Time since last request: 0.000106 seconds.
  path: Assets/Art/UI.png
  artifactKey: Guid(e2f751781ac3ccd48bd6c994f09486fc) Importer(2089858483,192608db42251d675da83286b1cce702)
Start importing Assets/Art/UI.png using Guid(e2f751781ac3ccd48bd6c994f09486fc) Importer(2089858483,192608db42251d675da83286b1cce702) (ScriptedImporter) -> (artifact id: 'b6c3cbdb9e4efb50898d59ae7e46b191') in 0.0241596 seconds
Number of updated asset objects reloaded before import = 0Number of asset objects unloaded after import = 6

========================================================================
Received Import Request.
  Time since last request: 0.000013 seconds.
  path: Assets/Script/CameraController.cs
  artifactKey: Guid(f1046c66cc8cc73498e7a5c3b6131fce) Importer(2089858483,192608db42251d675da83286b1cce702)
Start importing Assets/Script/CameraController.cs using Guid(f1046c66cc8cc73498e7a5c3b6131fce) Importer(2089858483,192608db42251d675da83286b1cce702) (ScriptedImporter) -> (artifact id: '45669971f2de5356a0d917761f144c5d') in 0.0054854 seconds
Number of updated asset objects reloaded before import = 0Number of asset objects unloaded after import = 0

========================================================================
Received Import Request.
  Time since last request: 0.000109 seconds.
  path: Assets/Art/Fighters/F00/F00_Backward.png
  artifactKey: Guid(1734db54d2e16324b93d41498b5c1e4b) Importer(2089858483,192608db42251d675da83286b1cce702)
Start importing Assets/Art/Fighters/F00/F00_Backward.png using Guid(1734db54d2e16324b93d41498b5c1e4b) Importer(2089858483,192608db42251d675da83286b1cce702) (ScriptedImporter) -> (artifact id: '87c9bdcae678c84c556838c39c33469d') in 0.0323441 seconds
Number of updated asset objects reloaded before import = 0Number of asset objects unloaded after import = 8

========================================================================
Received Import Request.
  Time since last request: 0.000268 seconds.
  path: Assets/Fighter/F00/Actions/GUARD_M.asset
  artifactKey: Guid(f610e12e385105b46b68653165d44263) Importer(2089858483,192608db42251d675da83286b1cce702)
Start importing Assets/Fighter/F00/Actions/GUARD_M.asset using Guid(f610e12e385105b46b68653165d44263) Importer(2089858483,192608db42251d675da83286b1cce702) (ScriptedImporter) -> (artifact id: '0583362e6e88b029aad9832364370016') in 0.0231442 seconds
Number of updated asset objects reloaded before import = 0Number of asset objects unloaded after import = 2

========================================================================
Received Import Request.
  Time since last request: 0.000015 seconds.
  path: Assets/XInputDotNet/Plugins/x86/XInputInterface.dll
  artifactKey: Guid(ea8c4f25f91eef24498783a97d350656) Importer(2089858483,192608db42251d675da83286b1cce702)
Start importing Assets/XInputDotNet/Plugins/x86/XInputInterface.dll using Guid(ea8c4f25f91eef24498783a97d350656) Importer(2089858483,192608db42251d675da83286b1cce702) (ScriptedImporter) -> (artifact id: '377c8a3e94a7a45850b474437b797857') in 0.0072899 seconds
Number of updated asset objects reloaded before import = 0Number of asset objects unloaded after import = 0

========================================================================
Received Import Request.
  Time since last request: 0.000076 seconds.
  path: Assets/Fighter/F00/Actions/N_SPECIAL.asset
  artifactKey: Guid(90d86ebfd0c1877488f9b97df0eb41c1) Importer(2089858483,192608db42251d675da83286b1cce702)
Start importing Assets/Fighter/F00/Actions/N_SPECIAL.asset using Guid(90d86ebfd0c1877488f9b97df0eb41c1) Importer(2089858483,192608db42251d675da83286b1cce702) (ScriptedImporter) -> (artifact id: '2fdafa3d5ddf0232337efd9c0ece5cea') in 0.0108147 seconds
Number of updated asset objects reloaded before import = 0Number of asset objects unloaded after import = 2

========================================================================
Received Import Request.
  Time since last request: 0.000010 seconds.
  path: Assets/Art/PlayerLabel.png
  artifactKey: Guid(6fe361e8892f0d041b85ec389835501c) Importer(2089858483,192608db42251d675da83286b1cce702)
Start importing Assets/Art/PlayerLabel.png using Guid(6fe361e8892f0d041b85ec389835501c) Importer(2089858483,192608db42251d675da83286b1cce702) (ScriptedImporter) -> (artifact id: '3ceac227ad25d59838b3edc6c94c2f75') in 0.0274213 seconds
Number of updated asset objects reloaded before import = 0Number of asset objects unloaded after import = 4

========================================================================
Received Import Request.
  Time since last request: 0.000440 seconds.
  path: Assets/Script/MainMenuController.cs
  artifactKey: Guid(f516b1687ccfab141a776e2768afd6f0) Importer(2089858483,192608db42251d675da83286b1cce702)
Start importing Assets/Script/MainMenuController.cs using Guid(f516b1687ccfab141a776e2768afd6f0) Importer(2089858483,192608db42251d675da83286b1cce702) (ScriptedImporter) -> (artifact id: 'f48c218cd3abbd21c1da3e47283fcdca') in 0.0042784 seconds
Number of updated asset objects reloaded before import = 0Number of asset objects unloaded after import = 0

Editor requested this worker to shutdown with reason: Scaling down because of idle timeout
AssetImportWorker is now disconnected from the server
Process exiting
Exiting without the bug reporter. Application will terminate with return code 0