Using pre-set license
Built from '6000.0/staging' branch; Version is '6000.0.28f1 (f336aca0cab5) revision 15939244'; Using compiler version '193933523'; Build Type 'Release'
OS: 'Windows 10  (10.0.19045) 64bit Core' Language: 'en' Physical Memory: 16224 MB
BatchMode: 1, IsHumanControllingUs: 0, StartBugReporterOnCrash: 0, Is64bit: 1, IsPro: 1

COMMAND LINE ARGUMENTS:
C:\Program Files\Unity\Hub\Editor\6000.0.28f1\Editor\Unity.exe
-adb2
-batchMode
-noUpm
-name
AssetImportWorker0
-projectPath
C:/Users/bahaf/Documents/Final Year Project/footsies_final_year_project
-logFile
Logs/AssetImportWorker0.log
-srvPort
62505
-job-worker-count
11
-background-job-worker-count
8
-asset-garbage-collectors
1
Successfully changed project path to: C:/Users/bahaf/Documents/Final Year Project/footsies_final_year_project
C:/Users/bahaf/Documents/Final Year Project/footsies_final_year_project
[UnityMemory] Configuration Parameters - Can be set up in boot.config
    "memorysetup-bucket-allocator-granularity=16"
    "memorysetup-bucket-allocator-bucket-count=8"
    "memorysetup-bucket-allocator-block-size=33554432"
    "memorysetup-bucket-allocator-block-count=8"
    "memorysetup-main-allocator-block-size=16777216"
    "memorysetup-thread-allocator-block-size=16777216"
    "memorysetup-gfx-main-allocator-block-size=16777216"
    "memorysetup-gfx-thread-allocator-block-size=16777216"
    "memorysetup-cache-allocator-block-size=4194304"
    "memorysetup-typetree-allocator-block-size=2097152"
    "memorysetup-profiler-bucket-allocator-granularity=16"
    "memorysetup-profiler-bucket-allocator-bucket-count=8"
    "memorysetup-profiler-bucket-allocator-block-size=33554432"
    "memorysetup-profiler-bucket-allocator-block-count=8"
    "memorysetup-profiler-allocator-block-size=16777216"
    "memorysetup-profiler-editor-allocator-block-size=1048576"
    "memorysetup-temp-allocator-size-main=16777216"
    "memorysetup-job-temp-allocator-block-size=2097152"
    "memorysetup-job-temp-allocator-block-size-background=1048576"
    "memorysetup-job-temp-allocator-reduction-small-platforms=262144"
    "memorysetup-allocator-temp-initial-block-size-main=262144"
    "memorysetup-allocator-temp-initial-block-size-worker=262144"
    "memorysetup-temp-allocator-size-background-worker=32768"
    "memorysetup-temp-allocator-size-job-worker=262144"
    "memorysetup-temp-allocator-size-preload-manager=33554432"
    "memorysetup-temp-allocator-size-nav-mesh-worker=65536"
    "memorysetup-temp-allocator-size-audio-worker=65536"
    "memorysetup-temp-allocator-size-cloud-worker=32768"
    "memorysetup-temp-allocator-size-gi-baking-worker=262144"
    "memorysetup-temp-allocator-size-gi-baking-worker=262144"
    "memorysetup-temp-allocator-size-gi-baking-worker=262144"
    "memorysetup-temp-allocator-size-gi-baking-worker=262144"
    "memorysetup-temp-allocator-size-gi-baking-worker=262144"
    "memorysetup-temp-allocator-size-gfx=262144"
Player connection [30448]  Target information:

Player connection [30448]  * "[IP] 192.168.178.89 [Port] 0 [Flags] 2 [Guid] 316987833 [EditorId] 316987833 [Version] 1048832 [Id] WindowsEditor(7,AJ-DESKTOP) [Debug] 1 [PackageName] WindowsEditor [ProjectName] Editor" 

Player connection [30448]  * "[IP] 169.254.83.107 [Port] 0 [Flags] 2 [Guid] 316987833 [EditorId] 316987833 [Version] 1048832 [Id] WindowsEditor(7,AJ-DESKTOP) [Debug] 1 [PackageName] WindowsEditor [ProjectName] Editor" 

Player connection [30448] Host joined multi-casting on [225.0.0.222:54997]...
Player connection [30448] Host joined alternative multi-casting on [225.0.0.222:34997]...
JobSystem: Creating JobQueue using job-worker-count value 11
[Physics::Module] Initialized fallback backend.
[Physics::Module] Id: 0xdecafbad
Library Redirect Path: Library/
[Physics::Module] Selected backend.
[Physics::Module] Name: PhysX
[Physics::Module] Id: 0xf2b8ea05
[Physics::Module] SDK Version: 4.1.2
[Physics::Module] Integration Version: 1.0.0
[Physics::Module] Threading Mode: Multi-Threaded
Refreshing native plugins compatible for Editor in 7.05 ms, found 4 plugins.
Preloading 0 native plugins for Editor in 0.00 ms.
Initialize engine version: 6000.0.28f1 (f336aca0cab5)
[Subsystems] Discovering subsystems at path C:/Program Files/Unity/Hub/Editor/6000.0.28f1/Editor/Data/Resources/UnitySubsystems
[Subsystems] Discovering subsystems at path C:/Users/bahaf/Documents/Final Year Project/footsies_final_year_project/Assets
GfxDevice: creating device client; kGfxThreadingModeNonThreaded
Direct3D:
    Version:  Direct3D 11.0 [level 11.1]
    Renderer: NVIDIA GeForce GTX 1660 SUPER (ID=0x21c4)
    Vendor:   NVIDIA
    VRAM:     5966 MB
    Driver:   32.0.15.6614
Initialize mono
Mono path[0] = 'C:/Program Files/Unity/Hub/Editor/6000.0.28f1/Editor/Data/Managed'
Mono path[1] = 'C:/Program Files/Unity/Hub/Editor/6000.0.28f1/Editor/Data/MonoBleedingEdge/lib/mono/unityjit-win32'
Mono config path = 'C:/Program Files/Unity/Hub/Editor/6000.0.28f1/Editor/Data/MonoBleedingEdge/etc'
Using monoOptions --debugger-agent=transport=dt_socket,embedding=1,server=y,suspend=n,address=127.0.0.1:56700
Begin MonoManager ReloadAssembly
Registering precompiled unity dll's ...
Register platform support module: C:/Program Files/Unity/Hub/Editor/6000.0.28f1/Editor/Data/PlaybackEngines/WebGLSupport/UnityEditor.WebGL.Extensions.dll
Register platform support module: C:/Program Files/Unity/Hub/Editor/6000.0.28f1/Editor/Data/PlaybackEngines/WindowsStandaloneSupport/UnityEditor.WindowsStandalone.Extensions.dll
Registered in 0.004202 seconds.
- Loaded All Assemblies, in  0.369 seconds
Native extension for WindowsStandalone target not found
Native extension for WebGL target not found
Mono: successfully reloaded assembly
- Finished resetting the current domain, in  0.289 seconds
Domain Reload Profiling: 656ms
	BeginReloadAssembly (109ms)
		ExecutionOrderSort (0ms)
		DisableScriptedObjects (0ms)
		BackupInstance (0ms)
		ReleaseScriptingObjects (0ms)
		CreateAndSetChildDomain (0ms)
	RebuildCommonClasses (35ms)
	RebuildNativeTypeToScriptingClass (13ms)
	initialDomainReloadingComplete (54ms)
	LoadAllAssembliesAndSetupDomain (155ms)
		LoadAssemblies (108ms)
		RebuildTransferFunctionScriptingTraits (0ms)
		AnalyzeDomain (152ms)
			TypeCache.Refresh (151ms)
				TypeCache.ScanAssembly (137ms)
			BuildScriptInfoCaches (0ms)
			ResolveRequiredComponents (1ms)
	FinalizeReload (290ms)
		ReleaseScriptCaches (0ms)
		RebuildScriptCaches (0ms)
		SetupLoadedEditorAssemblies (251ms)
			LogAssemblyErrors (0ms)
			InitializePlatformSupportModulesInManaged (30ms)
			SetLoadedEditorAssemblies (6ms)
			BeforeProcessingInitializeOnLoad (7ms)
			ProcessInitializeOnLoadAttributes (133ms)
			ProcessInitializeOnLoadMethodAttributes (61ms)
			AfterProcessingInitializeOnLoad (14ms)
			EditorAssembliesLoaded (0ms)
		ExecutionOrderSort2 (0ms)
		AwakeInstancesAfterBackupRestoration (0ms)
========================================================================
Worker process is ready to serve import requests
Import Worker Mode flag is 0x00
Begin MonoManager ReloadAssembly
Symbol file LoadedFromMemory is not a mono symbol file
- Loaded All Assemblies, in  1.013 seconds
Refreshing native plugins compatible for Editor in 5.74 ms, found 4 plugins.
Native extension for WindowsStandalone target not found
Native extension for WebGL target not found
Refreshing native plugins compatible for Editor in 6.77 ms, found 4 plugins.
Mono: successfully reloaded assembly
- Finished resetting the current domain, in  0.878 seconds
Domain Reload Profiling: 1885ms
	BeginReloadAssembly (427ms)
		ExecutionOrderSort (0ms)
		DisableScriptedObjects (7ms)
		BackupInstance (0ms)
		ReleaseScriptingObjects (0ms)
		CreateAndSetChildDomain (35ms)
	RebuildCommonClasses (37ms)
	RebuildNativeTypeToScriptingClass (13ms)
	initialDomainReloadingComplete (31ms)
	LoadAllAssembliesAndSetupDomain (499ms)
		LoadAssemblies (451ms)
		RebuildTransferFunctionScriptingTraits (0ms)
		AnalyzeDomain (165ms)
			TypeCache.Refresh (112ms)
				TypeCache.ScanAssembly (93ms)
			BuildScriptInfoCaches (48ms)
			ResolveRequiredComponents (4ms)
	FinalizeReload (878ms)
		ReleaseScriptCaches (0ms)
		RebuildScriptCaches (0ms)
		SetupLoadedEditorAssemblies (681ms)
			LogAssemblyErrors (0ms)
			InitializePlatformSupportModulesInManaged (3ms)
			SetLoadedEditorAssemblies (6ms)
			BeforeProcessingInitializeOnLoad (68ms)
			ProcessInitializeOnLoadAttributes (430ms)
			ProcessInitializeOnLoadMethodAttributes (159ms)
			AfterProcessingInitializeOnLoad (14ms)
			EditorAssembliesLoaded (0ms)
		ExecutionOrderSort2 (0ms)
		AwakeInstancesAfterBackupRestoration (6ms)
Launched and connected shader compiler UnityShaderCompiler.exe after 0.01 seconds
Refreshing native plugins compatible for Editor in 6.48 ms, found 4 plugins.
Preloading 0 native plugins for Editor in 0.00 ms.
Unloading 49 Unused Serialized files (Serialized files now loaded: 0)
Unloading 2997 unused Assets / (2.0 MB). Loaded Objects now: 3567.
Memory consumption went from 119.1 MB to 117.2 MB.
Total: 10.986100 ms (FindLiveObjects: 0.360400 ms CreateObjectMapping: 0.125400 ms MarkObjects: 9.525700 ms  DeleteObjects: 0.973700 ms)

========================================================================
Received Import Request.
  Time since last request: 25594.440940 seconds.
  path: Assets/Script/SoundManager.cs
  artifactKey: Guid(8aa81864e007ced4b8bd7b656c8319c3) Importer(2089858483,192608db42251d675da83286b1cce702)
Start importing Assets/Script/SoundManager.cs using Guid(8aa81864e007ced4b8bd7b656c8319c3) Importer(2089858483,192608db42251d675da83286b1cce702) (ScriptedImporter) -> (artifact id: '0b606c3be5871244cd143bff86c6e43d') in 0.0944026 seconds
Number of updated asset objects reloaded before import = 0Number of asset objects unloaded after import = 0

========================================================================
Received Import Request.
  Time since last request: 0.000511 seconds.
  path: Assets/Sound/SE/Attack2.wav
  artifactKey: Guid(15f19933973c62f408011e11283da300) Importer(2089858483,192608db42251d675da83286b1cce702)
Start importing Assets/Sound/SE/Attack2.wav using Guid(15f19933973c62f408011e11283da300) Importer(2089858483,192608db42251d675da83286b1cce702) (ScriptedImporter) -> (artifact id: '8feb60e63a9ff4d5fb68fd6554a8906d') in 0.0514288 seconds
Number of updated asset objects reloaded before import = 0Number of asset objects unloaded after import = 1

========================================================================
Received Import Request.
  Time since last request: 0.000046 seconds.
  path: Assets/Art/Fighters/F00/F00_Attack_2.png
  artifactKey: Guid(37ff798138f71a546b52579d8175e71c) Importer(2089858483,192608db42251d675da83286b1cce702)
Start importing Assets/Art/Fighters/F00/F00_Attack_2.png using Guid(37ff798138f71a546b52579d8175e71c) Importer(2089858483,192608db42251d675da83286b1cce702) (ScriptedImporter) -> (artifact id: '2244403287c089d7859697ef40cf08ee') in 0.0908565 seconds
Number of updated asset objects reloaded before import = 0Number of asset objects unloaded after import = 7

========================================================================
Received Import Request.
  Time since last request: 0.000017 seconds.
  path: Assets/Art/Battle_Window.png
  artifactKey: Guid(92b73a2358b454a49a8eaa4cba35bef3) Importer(2089858483,192608db42251d675da83286b1cce702)
Start importing Assets/Art/Battle_Window.png using Guid(92b73a2358b454a49a8eaa4cba35bef3) Importer(2089858483,192608db42251d675da83286b1cce702) (ScriptedImporter) -> (artifact id: 'bdc796c11eae612a2915a95b7d77a493') in 0.0276859 seconds
Number of updated asset objects reloaded before import = 0Number of asset objects unloaded after import = 3

========================================================================
Received Import Request.
  Time since last request: 0.000024 seconds.
  path: Assets/Art/CreatedBy.png
  artifactKey: Guid(ca80e18cfd819a747a14929b190145fe) Importer(2089858483,192608db42251d675da83286b1cce702)
Start importing Assets/Art/CreatedBy.png using Guid(ca80e18cfd819a747a14929b190145fe) Importer(2089858483,192608db42251d675da83286b1cce702) (ScriptedImporter) -> (artifact id: 'a41bb6f59e26d4d4e97f59730ea407f8') in 0.0180829 seconds
Number of updated asset objects reloaded before import = 0Number of asset objects unloaded after import = 3

========================================================================
Received Import Request.
  Time since last request: 0.000013 seconds.
  path: Assets/Art/Fighters/F00/Idle_4.png
  artifactKey: Guid(34ece54f039d41a46a94b11648ca16c3) Importer(2089858483,192608db42251d675da83286b1cce702)
Start importing Assets/Art/Fighters/F00/Idle_4.png using Guid(34ece54f039d41a46a94b11648ca16c3) Importer(2089858483,192608db42251d675da83286b1cce702) (ScriptedImporter) -> (artifact id: '499b523d29b74f883ff2e64f2169fee8') in 0.0153093 seconds
Number of updated asset objects reloaded before import = 0Number of asset objects unloaded after import = 3

========================================================================
Received Import Request.
  Time since last request: 0.000014 seconds.
  path: Assets/Animation/RoundEndAnimation.anim
  artifactKey: Guid(750df5a35756c074b9465b8bef6b0255) Importer(2089858483,192608db42251d675da83286b1cce702)
Start importing Assets/Animation/RoundEndAnimation.anim using Guid(750df5a35756c074b9465b8bef6b0255) Importer(2089858483,192608db42251d675da83286b1cce702) (ScriptedImporter) -> (artifact id: 'b843db584f9804920f1b97b2e126bec0') in 0.0136482 seconds
Number of updated asset objects reloaded before import = 0Number of asset objects unloaded after import = 1

========================================================================
Received Import Request.
  Time since last request: 0.000078 seconds.
  path: Assets/Script/AttackData.cs
  artifactKey: Guid(e21ffb07b733f66409058bc59401b105) Importer(2089858483,192608db42251d675da83286b1cce702)
Start importing Assets/Script/AttackData.cs using Guid(e21ffb07b733f66409058bc59401b105) Importer(2089858483,192608db42251d675da83286b1cce702) (ScriptedImporter) -> (artifact id: '26691621aabd2feba129b5ea00c40d8e') in 0.0057296 seconds
Number of updated asset objects reloaded before import = 0Number of asset objects unloaded after import = 0

========================================================================
Received Import Request.
  Time since last request: 0.000048 seconds.
  path: Assets/Animation/EmptyRoundUI.anim
  artifactKey: Guid(902783660bad85447a7169a7d3de093b) Importer(2089858483,192608db42251d675da83286b1cce702)
Start importing Assets/Animation/EmptyRoundUI.anim using Guid(902783660bad85447a7169a7d3de093b) Importer(2089858483,192608db42251d675da83286b1cce702) (ScriptedImporter) -> (artifact id: '415d94a7528b2fab8e9d718d95308c73') in 0.0064565 seconds
Number of updated asset objects reloaded before import = 0Number of asset objects unloaded after import = 1

========================================================================
Received Import Request.
  Time since last request: 0.000269 seconds.
  path: Assets/Script/BattleAI.cs
  artifactKey: Guid(57e0b8e0e8f573a458bf57ff3ff5639d) Importer(2089858483,192608db42251d675da83286b1cce702)
Start importing Assets/Script/BattleAI.cs using Guid(57e0b8e0e8f573a458bf57ff3ff5639d) Importer(2089858483,192608db42251d675da83286b1cce702) (ScriptedImporter) -> (artifact id: 'd9b9f80750268afd052fd4c9fcaee068') in 0.0049655 seconds
Number of updated asset objects reloaded before import = 0Number of asset objects unloaded after import = 0

========================================================================
Received Import Request.
  Time since last request: 0.000030 seconds.
  path: Assets/Sound/SE/Default.wav
  artifactKey: Guid(2d0339ce6408cc743a08707b1714fe7a) Importer(2089858483,192608db42251d675da83286b1cce702)
Start importing Assets/Sound/SE/Default.wav using Guid(2d0339ce6408cc743a08707b1714fe7a) Importer(2089858483,192608db42251d675da83286b1cce702) (ScriptedImporter) -> (artifact id: '62ccc8c77a0f30e0956f23374504b8d3') in 0.0320612 seconds
Number of updated asset objects reloaded before import = 0Number of asset objects unloaded after import = 1

========================================================================
Received Import Request.
  Time since last request: 0.000095 seconds.
  path: Assets/Art/Menu.png
  artifactKey: Guid(9c5b1e6b3169c6d4e94dd07fa08dfcce) Importer(2089858483,192608db42251d675da83286b1cce702)
Start importing Assets/Art/Menu.png using Guid(9c5b1e6b3169c6d4e94dd07fa08dfcce) Importer(2089858483,192608db42251d675da83286b1cce702) (ScriptedImporter) -> (artifact id: '1a30833b8259ae95e595a5b114069f50') in 0.0218491 seconds
Number of updated asset objects reloaded before import = 0Number of asset objects unloaded after import = 6

========================================================================
Received Import Request.
  Time since last request: 0.000009 seconds.
  path: Assets/Art/TestFighter.png
  artifactKey: Guid(8df0e0aa7a13a064aa8eef682e155eec) Importer(2089858483,192608db42251d675da83286b1cce702)
Start importing Assets/Art/TestFighter.png using Guid(8df0e0aa7a13a064aa8eef682e155eec) Importer(2089858483,192608db42251d675da83286b1cce702) (ScriptedImporter) -> (artifact id: '6c83cd2099105c7fa62c3183612030b8') in 0.0193834 seconds
Number of updated asset objects reloaded before import = 0Number of asset objects unloaded after import = 3

========================================================================
Received Import Request.
  Time since last request: 0.000013 seconds.
  path: Assets/Animation/HitEffect.controller
  artifactKey: Guid(b9f7986b178a8644db1a55d6dcbe4cfc) Importer(2089858483,192608db42251d675da83286b1cce702)
Start importing Assets/Animation/HitEffect.controller using Guid(b9f7986b178a8644db1a55d6dcbe4cfc) Importer(2089858483,192608db42251d675da83286b1cce702) (ScriptedImporter) -> (artifact id: '310a819440b76ab2ab60e6d8458cd971') in 0.0061805 seconds
Number of updated asset objects reloaded before import = 0Number of asset objects unloaded after import = 8

========================================================================
Received Import Request.
  Time since last request: 0.000013 seconds.
  path: Assets/Sound/SE/ForwardDash.wav
  artifactKey: Guid(4c25adf654d210740a4bb211a58d2eba) Importer(2089858483,192608db42251d675da83286b1cce702)
Start importing Assets/Sound/SE/ForwardDash.wav using Guid(4c25adf654d210740a4bb211a58d2eba) Importer(2089858483,192608db42251d675da83286b1cce702) (ScriptedImporter) -> (artifact id: '4add67559203e58b503a6eff5722be65') in 0.0312469 seconds
Number of updated asset objects reloaded before import = 0Number of asset objects unloaded after import = 1

========================================================================
Received Import Request.
  Time since last request: 0.001405 seconds.
  path: Assets/Art/Fighters/F00/F00_Forward.png
  artifactKey: Guid(bf3ab3d38fded0341a722c262b66dc4b) Importer(2089858483,192608db42251d675da83286b1cce702)
Start importing Assets/Art/Fighters/F00/F00_Forward.png using Guid(bf3ab3d38fded0341a722c262b66dc4b) Importer(2089858483,192608db42251d675da83286b1cce702) (ScriptedImporter) -> (artifact id: 'ff154cdfa55f791891e90bfa6d9993cb') in 0.0350839 seconds
Number of updated asset objects reloaded before import = 0Number of asset objects unloaded after import = 8

========================================================================
Received Import Request.
  Time since last request: 0.000267 seconds.
  path: Assets/Fighter/F00/Actions/STAND.asset
  artifactKey: Guid(769a75f4b8b5d914ebbbafec5d5c276d) Importer(2089858483,192608db42251d675da83286b1cce702)
Start importing Assets/Fighter/F00/Actions/STAND.asset using Guid(769a75f4b8b5d914ebbbafec5d5c276d) Importer(2089858483,192608db42251d675da83286b1cce702) (ScriptedImporter) -> (artifact id: '9a904519517db803e499fb2bb4c07284') in 0.02569 seconds
Number of updated asset objects reloaded before import = 0Number of asset objects unloaded after import = 1

========================================================================
Received Import Request.
  Time since last request: 0.000180 seconds.
  path: Assets/Fighter/F00/Actions/DASH_FORWARD.asset
  artifactKey: Guid(a8f72e7706b7f79438769091c99e93ca) Importer(2089858483,192608db42251d675da83286b1cce702)
Start importing Assets/Fighter/F00/Actions/DASH_FORWARD.asset using Guid(a8f72e7706b7f79438769091c99e93ca) Importer(2089858483,192608db42251d675da83286b1cce702) (ScriptedImporter) -> (artifact id: '5d6add6c07e0a232d6370374254fb5e9') in 0.00865 seconds
Number of updated asset objects reloaded before import = 0Number of asset objects unloaded after import = 2

========================================================================
Received Import Request.
  Time since last request: 0.000020 seconds.
  path: Assets/Script/Singleton.cs
  artifactKey: Guid(5815c2a4921fa9c4fb4d119a5c0f951e) Importer(2089858483,192608db42251d675da83286b1cce702)
Start importing Assets/Script/Singleton.cs using Guid(5815c2a4921fa9c4fb4d119a5c0f951e) Importer(2089858483,192608db42251d675da83286b1cce702) (ScriptedImporter) -> (artifact id: 'ad9d25f8ddc70317dcd82c5d90d3c6a4') in 0.0050792 seconds
Number of updated asset objects reloaded before import = 0Number of asset objects unloaded after import = 0

========================================================================
Received Import Request.
  Time since last request: 0.000038 seconds.
  path: Assets/Prefabs/BattleCanvas.prefab
  artifactKey: Guid(ac8378dd394a0af4b946774d38e9710a) Importer(2089858483,192608db42251d675da83286b1cce702)
Start importing Assets/Prefabs/BattleCanvas.prefab using Guid(ac8378dd394a0af4b946774d38e9710a) Importer(2089858483,192608db42251d675da83286b1cce702) (ScriptedImporter) -> (artifact id: 'd2dc17a2d901a668e5abab35ab1a1349') in 0.0449499 seconds
Number of updated asset objects reloaded before import = 0Number of asset objects unloaded after import = 133

Editor requested this worker to shutdown with reason: Scaling down because of idle timeout
AssetImportWorker is now disconnected from the server
Process exiting
Exiting without the bug reporter. Application will terminate with return code 0